[ 2017-04-17T17:54:28+08:00 ] 182.87.85.166 /Sign/admin.php?&c=login
INFO: [ app_init ] --START--
INFO: Run Behavior\BuildLiteBehavior [ RunTime:0.000016s ]
INFO: [ app_init ] --END-- [ RunTime:0.000316s ]
INFO: [ app_begin ] --START--
INFO: Run Behavior\ReadHtmlCacheBehavior [ RunTime:0.000302s ]
INFO: [ app_begin ] --END-- [ RunTime:0.000335s ]
INFO: [ view_parse ] --START--
INFO: [ template_filter ] --START--
INFO: Run Behavior\ContentReplaceBehavior [ RunTime:0.000057s ]
INFO: [ template_filter ] --END-- [ RunTime:0.000105s ]
INFO: Run Behavior\ParseTemplateBehavior [ RunTime:0.004431s ]
INFO: [ view_parse ] --END-- [ RunTime:0.004472s ]
INFO: [ view_filter ] --START--
INFO: Run Behavior\WriteHtmlCacheBehavior [ RunTime:0.000175s ]
INFO: [ view_filter ] --END-- [ RunTime:0.000212s ]
INFO: [ app_end ] --START--
INFO: Run Behavior\ShowPageTraceBehavior [ RunTime:0.000419s ]
INFO: [ app_end ] --END-- [ RunTime:0.000459s ]

[ 2017-04-17T17:54:28+08:00 ] 182.87.85.166 /Sign/admin.php?c=Login&a=verify
INFO: [ app_init ] --START--
INFO: Run Behavior\BuildLiteBehavior [ RunTime:0.000010s ]
INFO: [ app_init ] --END-- [ RunTime:0.000219s ]
INFO: [ app_begin ] --START--
INFO: Run Behavior\ReadHtmlCacheBehavior [ RunTime:0.000318s ]
INFO: [ app_begin ] --END-- [ RunTime:0.000353s ]
INFO: [ app_end ] --START--
INFO: Run Behavior\ShowPageTraceBehavior [ RunTime:0.000451s ]
INFO: [ app_end ] --END-- [ RunTime:0.000536s ]

[ 2017-04-17T17:54:34+08:00 ] 182.87.85.166 /Sign/admin.php?c=Login&a=verify&time=1492422880675
INFO: [ app_init ] --START--
INFO: Run Behavior\BuildLiteBehavior [ RunTime:0.000011s ]
INFO: [ app_init ] --END-- [ RunTime:0.000216s ]
INFO: [ app_begin ] --START--
INFO: Run Behavior\ReadHtmlCacheBehavior [ RunTime:0.000323s ]
INFO: [ app_begin ] --END-- [ RunTime:0.000356s ]
INFO: [ app_end ] --START--
INFO: Run Behavior\ShowPageTraceBehavior [ RunTime:0.000293s ]
INFO: [ app_end ] --END-- [ RunTime:0.000330s ]

[ 2017-04-17T17:54:35+08:00 ] 182.87.85.166 /Sign/admin.php?c=Login&a=verify&time=1492422881339
INFO: [ app_init ] --START--
INFO: Run Behavior\BuildLiteBehavior [ RunTime:0.000010s ]
INFO: [ app_init ] --END-- [ RunTime:0.000233s ]
INFO: [ app_begin ] --START--
INFO: Run Behavior\ReadHtmlCacheBehavior [ RunTime:0.000302s ]
INFO: [ app_begin ] --END-- [ RunTime:0.000336s ]
INFO: [ app_end ] --START--
INFO: Run Behavior\ShowPageTraceBehavior [ RunTime:0.000367s ]
INFO: [ app_end ] --END-- [ RunTime:0.000404s ]

[ 2017-04-17T17:54:36+08:00 ] 182.87.85.166 /Sign/admin.php?c=Login&a=verify&time=1492422881883
INFO: [ app_init ] --START--
INFO: Run Behavior\BuildLiteBehavior [ RunTime:0.000013s ]
INFO: [ app_init ] --END-- [ RunTime:0.000229s ]
INFO: [ app_begin ] --START--
INFO: Run Behavior\ReadHtmlCacheBehavior [ RunTime:0.000313s ]
INFO: [ app_begin ] --END-- [ RunTime:0.000347s ]
INFO: [ app_end ] --START--
INFO: Run Behavior\ShowPageTraceBehavior [ RunTime:0.000313s ]
INFO: [ app_end ] --END-- [ RunTime:0.000389s ]

[ 2017-04-17T17:54:36+08:00 ] 182.87.85.166 /Sign/admin.php?c=Login&a=verify&time=1492422882306
INFO: [ app_init ] --START--
INFO: Run Behavior\BuildLiteBehavior [ RunTime:0.000014s ]
INFO: [ app_init ] --END-- [ RunTime:0.000230s ]
INFO: [ app_begin ] --START--
INFO: Run Behavior\ReadHtmlCacheBehavior [ RunTime:0.000298s ]
INFO: [ app_begin ] --END-- [ RunTime:0.000331s ]
INFO: [ app_end ] --START--
INFO: Run Behavior\ShowPageTraceBehavior [ RunTime:0.000373s ]
INFO: [ app_end ] --END-- [ RunTime:0.000419s ]

[ 2017-04-17T17:54:36+08:00 ] 182.87.85.166 /Sign/admin.php?c=Login&a=verify&time=1492422882802
INFO: [ app_init ] --START--
INFO: Run Behavior\BuildLiteBehavior [ RunTime:0.000015s ]
INFO: [ app_init ] --END-- [ RunTime:0.000324s ]
INFO: [ app_begin ] --START--
INFO: Run Behavior\ReadHtmlCacheBehavior [ RunTime:0.000393s ]
INFO: [ app_begin ] --END-- [ RunTime:0.000440s ]
INFO: [ app_end ] --START--
INFO: Run Behavior\ShowPageTraceBehavior [ RunTime:0.000294s ]
INFO: [ app_end ] --END-- [ RunTime:0.000371s ]

[ 2017-04-17T17:54:37+08:00 ] 182.87.85.166 /Sign/admin.php?c=Login&a=verify&time=1492422883603
INFO: [ app_init ] --START--
INFO: Run Behavior\BuildLiteBehavior [ RunTime:0.000011s ]
INFO: [ app_init ] --END-- [ RunTime:0.000233s ]
INFO: [ app_begin ] --START--
INFO: Run Behavior\ReadHtmlCacheBehavior [ RunTime:0.000275s ]
INFO: [ app_begin ] --END-- [ RunTime:0.000308s ]
INFO: [ app_end ] --START--
INFO: Run Behavior\ShowPageTraceBehavior [ RunTime:0.000338s ]
INFO: [ app_end ] --END-- [ RunTime:0.000378s ]

[ 2017-04-17T17:54:38+08:00 ] 182.87.85.166 /Sign/admin.php?c=Login&a=verify&time=1492422884578
INFO: [ app_init ] --START--
INFO: Run Behavior\BuildLiteBehavior [ RunTime:0.000011s ]
INFO: [ app_init ] --END-- [ RunTime:0.000231s ]
INFO: [ app_begin ] --START--
INFO: Run Behavior\ReadHtmlCacheBehavior [ RunTime:0.000280s ]
INFO: [ app_begin ] --END-- [ RunTime:0.000323s ]
INFO: [ app_end ] --START--
INFO: Run Behavior\ShowPageTraceBehavior [ RunTime:0.000339s ]
INFO: [ app_end ] --END-- [ RunTime:0.000376s ]

[ 2017-04-17T17:54:39+08:00 ] 182.87.85.166 /Sign/admin.php?c=Login&a=verify&time=1492422885114
INFO: [ app_init ] --START--
INFO: Run Behavior\BuildLiteBehavior [ RunTime:0.000012s ]
INFO: [ app_init ] --END-- [ RunTime:0.000221s ]
INFO: [ app_begin ] --START--
INFO: Run Behavior\ReadHtmlCacheBehavior [ RunTime:0.000266s ]
INFO: [ app_begin ] --END-- [ RunTime:0.000299s ]
INFO: [ app_end ] --START--
INFO: Run Behavior\ShowPageTraceBehavior [ RunTime:0.000293s ]
INFO: [ app_end ] --END-- [ RunTime:0.000330s ]

[ 2017-04-17T17:54:40+08:00 ] 182.87.85.166 /Sign/admin.php?c=Login&a=verify&time=1492422885898
INFO: [ app_init ] --START--
INFO: Run Behavior\BuildLiteBehavior [ RunTime:0.000011s ]
INFO: [ app_init ] --END-- [ RunTime:0.000215s ]
INFO: [ app_begin ] --START--
INFO: Run Behavior\ReadHtmlCacheBehavior [ RunTime:0.000275s ]
INFO: [ app_begin ] --END-- [ RunTime:0.000307s ]
INFO: [ app_end ] --START--
INFO: Run Behavior\ShowPageTraceBehavior [ RunTime:0.000294s ]
INFO: [ app_end ] --END-- [ RunTime:0.000331s ]

[ 2017-04-17T17:54:40+08:00 ] 182.87.85.166 /Sign/admin.php?c=Login&a=verify&time=1492422886682
INFO: [ app_init ] --START--
INFO: Run Behavior\BuildLiteBehavior [ RunTime:0.000011s ]
INFO: [ app_init ] --END-- [ RunTime:0.000240s ]
INFO: [ app_begin ] --START--
INFO: Run Behavior\ReadHtmlCacheBehavior [ RunTime:0.000301s ]
INFO: [ app_begin ] --END-- [ RunTime:0.000334s ]
INFO: [ app_end ] --START--
INFO: Run Behavior\ShowPageTraceBehavior [ RunTime:0.000398s ]
INFO: [ app_end ] --END-- [ RunTime:0.000455s ]

[ 2017-04-17T17:54:41+08:00 ] 182.87.85.166 /Sign/admin.php?c=Login&a=verify&time=1492422887675
INFO: [ app_init ] --START--
INFO: Run Behavior\BuildLiteBehavior [ RunTime:0.000011s ]
INFO: [ app_init ] --END-- [ RunTime:0.000282s ]
INFO: [ app_begin ] --START--
INFO: Run Behavior\ReadHtmlCacheBehavior [ RunTime:0.000302s ]
INFO: [ app_begin ] --END-- [ RunTime:0.000335s ]
INFO: [ app_end ] --START--
INFO: Run Behavior\ShowPageTraceBehavior [ RunTime:0.000311s ]
INFO: [ app_end ] --END-- [ RunTime:0.000349s ]

[ 2017-04-17T17:54:46+08:00 ] 182.87.85.166 /Sign/admin.php?c=login&a=check
INFO: [ app_init ] --START--
INFO: Run Behavior\BuildLiteBehavior [ RunTime:0.000014s ]
INFO: [ app_init ] --END-- [ RunTime:0.000269s ]
INFO: [ app_begin ] --START--
INFO: Run Behavior\ReadHtmlCacheBehavior [ RunTime:0.000285s ]
INFO: [ app_begin ] --END-- [ RunTime:0.000318s ]
NOTIC: [8] Undefined variable: __POST /home/ubuntu/Sign/Application/Admin/Controller/LoginController.class.php 第 22 行.
NOTIC: [2048] Declaration of Common\Model\AdminModel::select() should be compatible with Think\Model::select($options = Array) /home/ubuntu/Sign/Application/Common/Model/AdminModel.class.php 第 9 行.
NOTIC: [2048] Declaration of Common\Model\AdminModel::find() should be compatible with Think\Model::find($options = Array) /home/ubuntu/Sign/Application/Common/Model/AdminModel.class.php 第 9 行.
SQL: SHOW COLUMNS FROM `cms_admin` [ RunTime:0.0005s ]
SQL: SELECT * FROM `cms_admin` WHERE ( username="admin" ) LIMIT 1   [ RunTime:0.0066s ]

[ 2017-04-17T17:54:46+08:00 ] 182.87.85.166 /Sign/admin.php?c=index
INFO: [ app_init ] --START--
INFO: Run Behavior\BuildLiteBehavior [ RunTime:0.000044s ]
INFO: [ app_init ] --END-- [ RunTime:0.000274s ]
INFO: [ app_begin ] --START--
INFO: Run Behavior\ReadHtmlCacheBehavior [ RunTime:0.000304s ]
INFO: [ app_begin ] --END-- [ RunTime:0.000338s ]
INFO: [ view_parse ] --START--
INFO: [ template_filter ] --START--
INFO: Run Behavior\ContentReplaceBehavior [ RunTime:0.000046s ]
INFO: [ template_filter ] --END-- [ RunTime:0.000082s ]
NOTIC: [8] Undefined variable: sing_path /home/ubuntu/Sign/ThinkPHP/Common/functions.php 第 991 行.
NOTIC: [8] Undefined variable: sing_path /home/ubuntu/Sign/ThinkPHP/Common/functions.php 第 991 行.
NOTIC: [8] Undefined variable: sing_path /home/ubuntu/Sign/ThinkPHP/Common/functions.php 第 991 行.
NOTIC: [8] Undefined variable: sing_path /home/ubuntu/Sign/ThinkPHP/Common/functions.php 第 991 行.
NOTIC: [8] Undefined variable: sing_path /home/ubuntu/Sign/ThinkPHP/Common/functions.php 第 991 行.
NOTIC: [8] Undefined variable: sing_path /home/ubuntu/Sign/ThinkPHP/Common/functions.php 第 991 行.
NOTIC: [8] Undefined variable: sing_path /home/ubuntu/Sign/ThinkPHP/Common/functions.php 第 991 行.
NOTIC: [8] Undefined variable: sing_path /home/ubuntu/Sign/ThinkPHP/Common/functions.php 第 991 行.
NOTIC: [8] Undefined variable: sing_path /home/ubuntu/Sign/ThinkPHP/Common/functions.php 第 991 行.
NOTIC: [8] Undefined variable: sing_path /home/ubuntu/Sign/ThinkPHP/Common/functions.php 第 991 行.
NOTIC: [8] Undefined variable: sing_path /home/ubuntu/Sign/ThinkPHP/Common/functions.php 第 991 行.
NOTIC: [8] Undefined variable: sing_path /home/ubuntu/Sign/ThinkPHP/Common/functions.php 第 991 行.
NOTIC: [8] Undefined variable: sing_path /home/ubuntu/Sign/ThinkPHP/Common/functions.php 第 991 行.
NOTIC: [8] Undefined variable: sing_path /home/ubuntu/Sign/ThinkPHP/Common/functions.php 第 991 行.
NOTIC: [8] Undefined variable: sing_path /home/ubuntu/Sign/ThinkPHP/Common/functions.php 第 991 行.
NOTIC: [8] Undefined variable: sing_path /home/ubuntu/Sign/ThinkPHP/Common/functions.php 第 991 行.
NOTIC: [8] Undefined variable: sing_path /home/ubuntu/Sign/ThinkPHP/Common/functions.php 第 991 行.
NOTIC: [8] Undefined variable: sing_path /home/ubuntu/Sign/ThinkPHP/Common/functions.php 第 991 行.
INFO: Run Behavior\ParseTemplateBehavior [ RunTime:0.005829s ]
INFO: [ view_parse ] --END-- [ RunTime:0.005859s ]
INFO: [ view_filter ] --START--
INFO: Run Behavior\WriteHtmlCacheBehavior [ RunTime:0.000109s ]
INFO: [ view_filter ] --END-- [ RunTime:0.000135s ]
INFO: [ app_end ] --START--
INFO: Run Behavior\ShowPageTraceBehavior [ RunTime:0.000350s ]
INFO: [ app_end ] --END-- [ RunTime:0.000382s ]

[ 2017-04-17T17:54:46+08:00 ] 182.87.85.166 /Sign/admin.php?m=Admin&c=Statis&a=index
INFO: [ app_init ] --START--
INFO: Run Behavior\BuildLiteBehavior [ RunTime:0.000014s ]
INFO: [ app_init ] --END-- [ RunTime:0.000374s ]
INFO: [ app_begin ] --START--
INFO: Run Behavior\ReadHtmlCacheBehavior [ RunTime:0.000268s ]
INFO: [ app_begin ] --END-- [ RunTime:0.000301s ]
INFO: [ view_parse ] --START--
INFO: [ template_filter ] --START--
INFO: Run Behavior\ContentReplaceBehavior [ RunTime:0.000025s ]
INFO: [ template_filter ] --END-- [ RunTime:0.000057s ]
INFO: Run Behavior\ParseTemplateBehavior [ RunTime:0.002837s ]
INFO: [ view_parse ] --END-- [ RunTime:0.002873s ]
INFO: [ view_filter ] --START--
INFO: Run Behavior\WriteHtmlCacheBehavior [ RunTime:0.000100s ]
INFO: [ view_filter ] --END-- [ RunTime:0.000128s ]
INFO: [ app_end ] --START--
INFO: Run Behavior\ShowPageTraceBehavior [ RunTime:0.000281s ]
INFO: [ app_end ] --END-- [ RunTime:0.000308s ]

[ 2017-04-17T17:55:00+08:00 ] 182.87.85.166 /Sign/admin.php?m=Admin&c=Depart&a=index
INFO: [ app_init ] --START--
INFO: Run Behavior\BuildLiteBehavior [ RunTime:0.000011s ]
INFO: [ app_init ] --END-- [ RunTime:0.000233s ]
INFO: [ app_begin ] --START--
INFO: Run Behavior\ReadHtmlCacheBehavior [ RunTime:0.000299s ]
INFO: [ app_begin ] --END-- [ RunTime:0.000340s ]
NOTIC: [2048] Declaration of Admin\Controller\DepartController::setStatus() should be compatible with Admin\Controller\CommonController::setStatus($data, $models) /home/ubuntu/Sign/Application/Admin/Controller/DepartController.class.php 第 9 行.
NOTIC: [2048] Declaration of Common\Model\DepartModel::select() should be compatible with Think\Model::select($options = Array) /home/ubuntu/Sign/Application/Common/Model/DepartModel.class.php 第 9 行.
NOTIC: [2048] Declaration of Common\Model\DepartModel::find() should be compatible with Think\Model::find($options = Array) /home/ubuntu/Sign/Application/Common/Model/DepartModel.class.php 第 9 行.
SQL: SHOW COLUMNS FROM `cms_depart` [ RunTime:0.0006s ]
NOTIC: [8] Undefined index: depart_id /home/ubuntu/Sign/Application/Common/Model/DepartModel.class.php 第 70 行.
SQL: SELECT COUNT(*) AS tp_count FROM `cms_depart` WHERE `model` = 0 AND `online` <> -1 LIMIT 1   [ RunTime:0.0003s ]
NOTIC: [8] Undefined index: p /home/ubuntu/Sign/Application/Admin/Controller/DepartController.class.php 第 19 行.
NOTIC: [8] Undefined index: pageSize /home/ubuntu/Sign/Application/Admin/Controller/DepartController.class.php 第 20 行.
SQL: SELECT * FROM `cms_depart` WHERE `model` = 0 AND `online` <> -1 ORDER BY depart_id desc LIMIT 0,2   [ RunTime:0.0002s ]
NOTIC: [8] Undefined variable: sing_path /home/ubuntu/Sign/ThinkPHP/Common/functions.php 第 991 行.
INFO: [ view_parse ] --START--
INFO: [ template_filter ] --START--
INFO: Run Behavior\ContentReplaceBehavior [ RunTime:0.000086s ]
INFO: [ template_filter ] --END-- [ RunTime:0.000135s ]
NOTIC: [8] Undefined variable: name /home/ubuntu/Sign/Application/Runtime/Cache/Admin/15dde5d98ab961831a3c902ae77a1c2a.php 第 36 行.
INFO: Run Behavior\ParseTemplateBehavior [ RunTime:0.005842s ]
INFO: [ view_parse ] --END-- [ RunTime:0.005873s ]
INFO: [ view_filter ] --START--
INFO: Run Behavior\WriteHtmlCacheBehavior [ RunTime:0.000105s ]
INFO: [ view_filter ] --END-- [ RunTime:0.000129s ]
INFO: [ app_end ] --START--
INFO: Run Behavior\ShowPageTraceBehavior [ RunTime:0.000328s ]
INFO: [ app_end ] --END-- [ RunTime:0.000366s ]

[ 2017-04-17T17:55:02+08:00 ] 182.87.85.166 /Sign/admin.php?m=Admin&c=Family&a=index
INFO: [ app_init ] --START--
INFO: Run Behavior\BuildLiteBehavior [ RunTime:0.000011s ]
INFO: [ app_init ] --END-- [ RunTime:0.000249s ]
INFO: [ app_begin ] --START--
INFO: Run Behavior\ReadHtmlCacheBehavior [ RunTime:0.000316s ]
INFO: [ app_begin ] --END-- [ RunTime:0.000355s ]
NOTIC: [2048] Declaration of Admin\Controller\FamilyController::setStatus() should be compatible with Admin\Controller\CommonController::setStatus($data, $models) /home/ubuntu/Sign/Application/Admin/Controller/FamilyController.class.php 第 9 行.
NOTIC: [2048] Declaration of Common\Model\DepartModel::select() should be compatible with Think\Model::select($options = Array) /home/ubuntu/Sign/Application/Common/Model/DepartModel.class.php 第 9 行.
NOTIC: [2048] Declaration of Common\Model\DepartModel::find() should be compatible with Think\Model::find($options = Array) /home/ubuntu/Sign/Application/Common/Model/DepartModel.class.php 第 9 行.
SQL: SHOW COLUMNS FROM `cms_depart` [ RunTime:0.0005s ]
NOTIC: [8] Undefined index: depart_id /home/ubuntu/Sign/Application/Common/Model/DepartModel.class.php 第 70 行.
SQL: SELECT COUNT(*) AS tp_count FROM `cms_depart` WHERE `model` = 1 AND `online` <> -1 LIMIT 1   [ RunTime:0.0002s ]
NOTIC: [8] Undefined index: p /home/ubuntu/Sign/Application/Admin/Controller/FamilyController.class.php 第 19 行.
NOTIC: [8] Undefined index: pageSize /home/ubuntu/Sign/Application/Admin/Controller/FamilyController.class.php 第 20 行.
SQL: SELECT * FROM `cms_depart` WHERE `model` = 1 AND `online` <> -1 ORDER BY depart_id desc LIMIT 0,2   [ RunTime:0.0002s ]
NOTIC: [8] Undefined variable: sing_path /home/ubuntu/Sign/ThinkPHP/Common/functions.php 第 991 行.
INFO: [ view_parse ] --START--
INFO: [ template_filter ] --START--
INFO: Run Behavior\ContentReplaceBehavior [ RunTime:0.000054s ]
INFO: [ template_filter ] --END-- [ RunTime:0.000093s ]
NOTIC: [8] Undefined variable: name /home/ubuntu/Sign/Application/Runtime/Cache/Admin/1388e2f83ae59d99068f075caa2078ba.php 第 36 行.
INFO: Run Behavior\ParseTemplateBehavior [ RunTime:0.005788s ]
INFO: [ view_parse ] --END-- [ RunTime:0.005818s ]
INFO: [ view_filter ] --START--
INFO: Run Behavior\WriteHtmlCacheBehavior [ RunTime:0.000102s ]
INFO: [ view_filter ] --END-- [ RunTime:0.000126s ]
INFO: [ app_end ] --START--
INFO: Run Behavior\ShowPageTraceBehavior [ RunTime:0.000307s ]
INFO: [ app_end ] --END-- [ RunTime:0.000337s ]

[ 2017-04-17T17:55:03+08:00 ] 182.87.85.166 /Sign/admin.php?m=Admin&c=Folks&a=index
INFO: [ app_init ] --START--
INFO: Run Behavior\BuildLiteBehavior [ RunTime:0.000011s ]
INFO: [ app_init ] --END-- [ RunTime:0.000220s ]
INFO: [ app_begin ] --START--
INFO: Run Behavior\ReadHtmlCacheBehavior [ RunTime:0.000270s ]
INFO: [ app_begin ] --END-- [ RunTime:0.000303s ]
NOTIC: [2048] Declaration of Admin\Controller\FolksController::setStatus() should be compatible with Admin\Controller\CommonController::setStatus($data, $models) /home/ubuntu/Sign/Application/Admin/Controller/FolksController.class.php 第 10 行.
NOTIC: [8] Undefined index: depart_id /home/ubuntu/Sign/Application/Admin/Controller/FolksController.class.php 第 25 行.
NOTIC: [2048] Declaration of Common\Model\DepartModel::select() should be compatible with Think\Model::select($options = Array) /home/ubuntu/Sign/Application/Common/Model/DepartModel.class.php 第 9 行.
NOTIC: [2048] Declaration of Common\Model\DepartModel::find() should be compatible with Think\Model::find($options = Array) /home/ubuntu/Sign/Application/Common/Model/DepartModel.class.php 第 9 行.
SQL: SHOW COLUMNS FROM `cms_depart` [ RunTime:0.0005s ]
SQL: SELECT * FROM `cms_depart` WHERE `model` = 1 AND `online` <> -1  [ RunTime:0.0002s ]
NOTIC: [2048] Declaration of Common\Model\StaffModel::select() should be compatible with Think\Model::select($options = Array) /home/ubuntu/Sign/Application/Common/Model/StaffModel.class.php 第 147 行.
NOTIC: [2048] Declaration of Common\Model\StaffModel::find() should be compatible with Think\Model::find($options = Array) /home/ubuntu/Sign/Application/Common/Model/StaffModel.class.php 第 147 行.
SQL: SHOW COLUMNS FROM `cms_staff` [ RunTime:0.0004s ]
SQL: SELECT COUNT(*) AS tp_count FROM `cms_staff` WHERE `model` = 1 AND `online` <> -1 LIMIT 1   [ RunTime:0.0001s ]
NOTIC: [8] Undefined index: p /home/ubuntu/Sign/Application/Admin/Controller/FolksController.class.php 第 30 行.
NOTIC: [8] Undefined index: pageSize /home/ubuntu/Sign/Application/Admin/Controller/FolksController.class.php 第 31 行.
SQL: SELECT * FROM `cms_staff` WHERE `model` = 1 AND `online` <> -1 ORDER BY staff_id desc LIMIT 0,2   [ RunTime:0.0002s ]
NOTIC: [8] Undefined variable: sing_path /home/ubuntu/Sign/ThinkPHP/Common/functions.php 第 991 行.
INFO: [ view_parse ] --START--
INFO: [ template_filter ] --START--
INFO: Run Behavior\ContentReplaceBehavior [ RunTime:0.000056s ]
INFO: [ template_filter ] --END-- [ RunTime:0.000091s ]
NOTIC: [8] Undefined variable: starttime /home/ubuntu/Sign/Application/Runtime/Cache/Admin/fef12462ce0a78cb1e12783ac60c729a.php 第 41 行.
NOTIC: [8] Undefined variable: endtime /home/ubuntu/Sign/Application/Runtime/Cache/Admin/fef12462ce0a78cb1e12783ac60c729a.php 第 43 行.
NOTIC: [8] Undefined variable: name /home/ubuntu/Sign/Application/Runtime/Cache/Admin/fef12462ce0a78cb1e12783ac60c729a.php 第 46 行.
INFO: Run Behavior\ParseTemplateBehavior [ RunTime:0.006080s ]
INFO: [ view_parse ] --END-- [ RunTime:0.006110s ]
INFO: [ view_filter ] --START--
INFO: Run Behavior\WriteHtmlCacheBehavior [ RunTime:0.000098s ]
INFO: [ view_filter ] --END-- [ RunTime:0.000130s ]
INFO: [ app_end ] --START--
INFO: Run Behavior\ShowPageTraceBehavior [ RunTime:0.000288s ]
INFO: [ app_end ] --END-- [ RunTime:0.000317s ]

[ 2017-04-17T17:55:04+08:00 ] 182.87.85.166 /Sign/admin.php?m=Admin&c=Opendoor&a=index
INFO: [ app_init ] --START--
INFO: Run Behavior\BuildLiteBehavior [ RunTime:0.000015s ]
INFO: [ app_init ] --END-- [ RunTime:0.000305s ]
INFO: [ app_begin ] --START--
INFO: Run Behavior\ReadHtmlCacheBehavior [ RunTime:0.000360s ]
INFO: [ app_begin ] --END-- [ RunTime:0.000402s ]
NOTIC: [8] Undefined index: depart_id /home/ubuntu/Sign/Application/Admin/Controller/OpendoorController.class.php 第 15 行.
NOTIC: [2048] Declaration of Common\Model\DepartModel::select() should be compatible with Think\Model::select($options = Array) /home/ubuntu/Sign/Application/Common/Model/DepartModel.class.php 第 9 行.
NOTIC: [2048] Declaration of Common\Model\DepartModel::find() should be compatible with Think\Model::find($options = Array) /home/ubuntu/Sign/Application/Common/Model/DepartModel.class.php 第 9 行.
SQL: SHOW COLUMNS FROM `cms_depart` [ RunTime:0.0007s ]
SQL: SELECT * FROM `cms_depart` WHERE `model` = 1 AND `online` <> -1  [ RunTime:0.0003s ]
NOTIC: [2048] Declaration of Common\Model\AttendModel::select() should be compatible with Think\Model::select($options = Array) /home/ubuntu/Sign/Application/Common/Model/AttendModel.class.php 第 111 行.
NOTIC: [2048] Declaration of Common\Model\AttendModel::find() should be compatible with Think\Model::find($options = Array) /home/ubuntu/Sign/Application/Common/Model/AttendModel.class.php 第 111 行.
SQL: SHOW COLUMNS FROM `cms_attend` [ RunTime:0.0005s ]
SQL: SELECT COUNT(*) AS tp_count FROM `cms_attend` WHERE `model` = 1 AND `online` <> -1 LIMIT 1   [ RunTime:0.0002s ]
NOTIC: [8] Undefined index: p /home/ubuntu/Sign/Application/Admin/Controller/OpendoorController.class.php 第 21 行.
NOTIC: [8] Undefined index: pageSize /home/ubuntu/Sign/Application/Admin/Controller/OpendoorController.class.php 第 22 行.
SQL: SELECT * FROM `cms_attend` WHERE `model` = 1 AND `online` <> -1 ORDER BY attend_id desc LIMIT 0,2   [ RunTime:0.0002s ]
INFO: [ view_parse ] --START--
INFO: [ template_filter ] --START--
INFO: Run Behavior\ContentReplaceBehavior [ RunTime:0.000058s ]
INFO: [ template_filter ] --END-- [ RunTime:0.000108s ]
NOTIC: [8] Undefined variable: name /home/ubuntu/Sign/Application/Runtime/Cache/Admin/037124b2b695a56eb2e47f41f01eaa87.php 第 42 行.
NOTIC: [8] Undefined variable: Opendoors /home/ubuntu/Sign/Application/Runtime/Cache/Admin/037124b2b695a56eb2e47f41f01eaa87.php 第 66 行.
INFO: Run Behavior\ParseTemplateBehavior [ RunTime:0.006923s ]
INFO: [ view_parse ] --END-- [ RunTime:0.006957s ]
INFO: [ view_filter ] --START--
INFO: Run Behavior\WriteHtmlCacheBehavior [ RunTime:0.000103s ]
INFO: [ view_filter ] --END-- [ RunTime:0.000126s ]
INFO: [ app_end ] --START--
INFO: Run Behavior\ShowPageTraceBehavior [ RunTime:0.000398s ]
INFO: [ app_end ] --END-- [ RunTime:0.000427s ]

[ 2017-04-17T17:55:06+08:00 ] 182.87.85.166 /Sign/admin.php?m=Admin&c=Admin&a=index
INFO: [ app_init ] --START--
INFO: Run Behavior\BuildLiteBehavior [ RunTime:0.000015s ]
INFO: [ app_init ] --END-- [ RunTime:0.000272s ]
INFO: [ app_begin ] --START--
INFO: Run Behavior\ReadHtmlCacheBehavior [ RunTime:0.000308s ]
INFO: [ app_begin ] --END-- [ RunTime:0.000343s ]
NOTIC: [2048] Declaration of Admin\Controller\AdminController::setStatus() should be compatible with Admin\Controller\CommonController::setStatus($data, $models) /home/ubuntu/Sign/Application/Admin/Controller/AdminController.class.php 第 8 行.
NOTIC: [2048] Declaration of Common\Model\AdminModel::select() should be compatible with Think\Model::select($options = Array) /home/ubuntu/Sign/Application/Common/Model/AdminModel.class.php 第 9 行.
NOTIC: [2048] Declaration of Common\Model\AdminModel::find() should be compatible with Think\Model::find($options = Array) /home/ubuntu/Sign/Application/Common/Model/AdminModel.class.php 第 9 行.
SQL: SHOW COLUMNS FROM `cms_admin` [ RunTime:0.0005s ]
NOTIC: [8] Undefined variable: data /home/ubuntu/Sign/Application/Admin/Controller/AdminController.class.php 第 22 行.
SQL: SELECT COUNT(*) AS tp_count FROM `cms_admin` WHERE `online` <> -1 LIMIT 1   [ RunTime:0.0002s ]
NOTIC: [8] Undefined index: p /home/ubuntu/Sign/Application/Admin/Controller/AdminController.class.php 第 24 行.
NOTIC: [8] Undefined index: pageSize /home/ubuntu/Sign/Application/Admin/Controller/AdminController.class.php 第 25 行.
NOTIC: [8] Undefined variable: data /home/ubuntu/Sign/Application/Admin/Controller/AdminController.class.php 第 26 行.
SQL: SELECT * FROM `cms_admin` WHERE `online` <> -1 ORDER BY admin_id desc LIMIT 0,3   [ RunTime:0.0002s ]
NOTIC: [8] Undefined variable: sing_path /home/ubuntu/Sign/ThinkPHP/Common/functions.php 第 991 行.
INFO: [ view_parse ] --START--
INFO: [ template_filter ] --START--
INFO: Run Behavior\ContentReplaceBehavior [ RunTime:0.000050s ]
INFO: [ template_filter ] --END-- [ RunTime:0.000087s ]
NOTIC: [8] Undefined variable: starttime /home/ubuntu/Sign/Application/Runtime/Cache/Admin/b682812e058c4f7cab74d08ab9eabe11.php 第 34 行.
NOTIC: [8] Undefined variable: endtime /home/ubuntu/Sign/Application/Runtime/Cache/Admin/b682812e058c4f7cab74d08ab9eabe11.php 第 36 行.
NOTIC: [8] Undefined variable: name /home/ubuntu/Sign/Application/Runtime/Cache/Admin/b682812e058c4f7cab74d08ab9eabe11.php 第 39 行.
INFO: Run Behavior\ParseTemplateBehavior [ RunTime:0.005641s ]
INFO: [ view_parse ] --END-- [ RunTime:0.005676s ]
INFO: [ view_filter ] --START--
INFO: Run Behavior\WriteHtmlCacheBehavior [ RunTime:0.000101s ]
INFO: [ view_filter ] --END-- [ RunTime:0.000125s ]
INFO: [ app_end ] --START--
INFO: Run Behavior\ShowPageTraceBehavior [ RunTime:0.000309s ]
INFO: [ app_end ] --END-- [ RunTime:0.000340s ]

[ 2017-04-17T17:55:07+08:00 ] 182.87.85.166 /Sign/admin.php?m=Admin&c=Basic&a=base
INFO: [ app_init ] --START--
INFO: Run Behavior\BuildLiteBehavior [ RunTime:0.000012s ]
INFO: [ app_init ] --END-- [ RunTime:0.000254s ]
INFO: [ app_begin ] --START--
INFO: Run Behavior\ReadHtmlCacheBehavior [ RunTime:0.000422s ]
INFO: [ app_begin ] --END-- [ RunTime:0.000467s ]
INFO: [ view_parse ] --START--
INFO: [ template_filter ] --START--
INFO: Run Behavior\ContentReplaceBehavior [ RunTime:0.000046s ]
INFO: [ template_filter ] --END-- [ RunTime:0.000084s ]
INFO: Run Behavior\ParseTemplateBehavior [ RunTime:0.004767s ]
INFO: [ view_parse ] --END-- [ RunTime:0.004801s ]
INFO: [ view_filter ] --START--
INFO: Run Behavior\WriteHtmlCacheBehavior [ RunTime:0.000097s ]
INFO: [ view_filter ] --END-- [ RunTime:0.000120s ]
INFO: [ app_end ] --START--
INFO: Run Behavior\ShowPageTraceBehavior [ RunTime:0.000479s ]
INFO: [ app_end ] --END-- [ RunTime:0.000522s ]

[ 2017-04-17T17:55:08+08:00 ] 182.87.85.166 /Sign/admin.php?m=Admin&c=Live&a=index
INFO: [ app_init ] --START--
INFO: Run Behavior\BuildLiteBehavior [ RunTime:0.000011s ]
INFO: [ app_init ] --END-- [ RunTime:0.000248s ]
INFO: [ app_begin ] --START--
INFO: Run Behavior\ReadHtmlCacheBehavior [ RunTime:0.000268s ]
INFO: [ app_begin ] --END-- [ RunTime:0.000300s ]
INFO: [ view_parse ] --START--
INFO: [ template_filter ] --START--
INFO: Run Behavior\ContentReplaceBehavior [ RunTime:0.000036s ]
INFO: [ template_filter ] --END-- [ RunTime:0.000068s ]
INFO: Run Behavior\ParseTemplateBehavior [ RunTime:0.003504s ]
INFO: [ view_parse ] --END-- [ RunTime:0.003539s ]
INFO: [ view_filter ] --START--
INFO: Run Behavior\WriteHtmlCacheBehavior [ RunTime:0.000094s ]
INFO: [ view_filter ] --END-- [ RunTime:0.000117s ]
INFO: [ app_end ] --START--
INFO: Run Behavior\ShowPageTraceBehavior [ RunTime:0.000292s ]
INFO: [ app_end ] --END-- [ RunTime:0.000320s ]

[ 2017-04-17T17:55:15+08:00 ] 182.87.85.166 /Sign/admin.php?m=Admin&c=Statis&a=index
INFO: [ app_init ] --START--
INFO: Run Behavior\BuildLiteBehavior [ RunTime:0.000011s ]
INFO: [ app_init ] --END-- [ RunTime:0.000222s ]
INFO: [ app_begin ] --START--
INFO: Run Behavior\ReadHtmlCacheBehavior [ RunTime:0.000318s ]
INFO: [ app_begin ] --END-- [ RunTime:0.000358s ]
INFO: [ view_parse ] --START--
INFO: [ template_filter ] --START--
INFO: Run Behavior\ContentReplaceBehavior [ RunTime:0.000031s ]
INFO: [ template_filter ] --END-- [ RunTime:0.000069s ]
INFO: Run Behavior\ParseTemplateBehavior [ RunTime:0.002977s ]
INFO: [ view_parse ] --END-- [ RunTime:0.003010s ]
INFO: [ view_filter ] --START--
INFO: Run Behavior\WriteHtmlCacheBehavior [ RunTime:0.000096s ]
INFO: [ view_filter ] --END-- [ RunTime:0.000119s ]
INFO: [ app_end ] --START--
INFO: Run Behavior\ShowPageTraceBehavior [ RunTime:0.000299s ]
INFO: [ app_end ] --END-- [ RunTime:0.000326s ]

[ 2017-04-17T20:43:52+08:00 ] 101.226.33.200 /Sign/admin.php?c%3Dindex
INFO: [ app_init ] --START--
INFO: Run Behavior\BuildLiteBehavior [ RunTime:0.000011s ]
INFO: [ app_init ] --END-- [ RunTime:0.000227s ]
INFO: [ app_begin ] --START--
INFO: Run Behavior\ReadHtmlCacheBehavior [ RunTime:0.000283s ]
INFO: [ app_begin ] --END-- [ RunTime:0.000316s ]
NOTIC: [8] Undefined variable: sing_path /home/ubuntu/Sign/ThinkPHP/Common/functions.php 第 991 行.
NOTIC: [8] Undefined variable: module /home/ubuntu/Sign/ThinkPHP/Common/functions.php 第 994 行.
NOTIC: [8] Undefined variable: var /home/ubuntu/Sign/ThinkPHP/Common/functions.php 第 997 行.
NOTIC: [2] array_reverse() expects parameter 1 to be array, null given /home/ubuntu/Sign/ThinkPHP/Common/functions.php 第 997 行.
NOTIC: [2] http_build_query(): Parameter 1 expected to be Array or Object.  Incorrect value given /home/ubuntu/Sign/ThinkPHP/Common/functions.php 第 997 行.

[ 2017-04-17T20:43:52+08:00 ] 101.226.33.200 /Sign/admin.php?&c=login
INFO: [ app_init ] --START--
INFO: Run Behavior\BuildLiteBehavior [ RunTime:0.000011s ]
INFO: [ app_init ] --END-- [ RunTime:0.000222s ]
INFO: [ app_begin ] --START--
INFO: Run Behavior\ReadHtmlCacheBehavior [ RunTime:0.000267s ]
INFO: [ app_begin ] --END-- [ RunTime:0.000300s ]
INFO: [ view_parse ] --START--
INFO: [ template_filter ] --START--
INFO: Run Behavior\ContentReplaceBehavior [ RunTime:0.000061s ]
INFO: [ template_filter ] --END-- [ RunTime:0.000124s ]
INFO: Run Behavior\ParseTemplateBehavior [ RunTime:0.005624s ]
INFO: [ view_parse ] --END-- [ RunTime:0.005669s ]
INFO: [ view_filter ] --START--
INFO: Run Behavior\WriteHtmlCacheBehavior [ RunTime:0.000144s ]
INFO: [ view_filter ] --END-- [ RunTime:0.000183s ]
INFO: [ app_end ] --START--
INFO: Run Behavior\ShowPageTraceBehavior [ RunTime:0.000429s ]
INFO: [ app_end ] --END-- [ RunTime:0.000472s ]

