[ 2017-04-21T00:08:42+08:00 ] 157.55.39.221 /Sign/admin.php?c=menu
INFO: [ app_init ] --START--
INFO: Run Behavior\BuildLiteBehavior [ RunTime:0.000012s ]
INFO: [ app_init ] --END-- [ RunTime:0.000229s ]
INFO: [ app_begin ] --START--
INFO: Run Behavior\ReadHtmlCacheBehavior [ RunTime:0.000300s ]
INFO: [ app_begin ] --END-- [ RunTime:0.000331s ]
ERR: 无法加载控制器:Menu

[ 2017-04-21T19:26:23+08:00 ] 219.229.199.96 /Sign/admin.php
INFO: [ app_init ] --START--
INFO: Run Behavior\BuildLiteBehavior [ RunTime:0.000012s ]
INFO: [ app_init ] --END-- [ RunTime:0.000249s ]
INFO: [ app_begin ] --START--
INFO: Run Behavior\ReadHtmlCacheBehavior [ RunTime:0.000358s ]
INFO: [ app_begin ] --END-- [ RunTime:0.000404s ]
NOTIC: [8] Undefined variable: sing_path /home/ubuntu/Sign/ThinkPHP/Common/functions.php 第 991 行.
NOTIC: [8] Undefined variable: module /home/ubuntu/Sign/ThinkPHP/Common/functions.php 第 994 行.
NOTIC: [8] Undefined variable: var /home/ubuntu/Sign/ThinkPHP/Common/functions.php 第 997 行.
NOTIC: [2] array_reverse() expects parameter 1 to be array, null given /home/ubuntu/Sign/ThinkPHP/Common/functions.php 第 997 行.
NOTIC: [2] http_build_query(): Parameter 1 expected to be Array or Object.  Incorrect value given /home/ubuntu/Sign/ThinkPHP/Common/functions.php 第 997 行.

[ 2017-04-21T19:26:23+08:00 ] 219.229.199.96 /Sign/admin.php?&c=login
INFO: [ app_init ] --START--
INFO: Run Behavior\BuildLiteBehavior [ RunTime:0.000011s ]
INFO: [ app_init ] --END-- [ RunTime:0.000247s ]
INFO: [ app_begin ] --START--
INFO: Run Behavior\ReadHtmlCacheBehavior [ RunTime:0.000356s ]
INFO: [ app_begin ] --END-- [ RunTime:0.000392s ]
INFO: [ view_parse ] --START--
INFO: [ template_filter ] --START--
INFO: Run Behavior\ContentReplaceBehavior [ RunTime:0.000043s ]
INFO: [ template_filter ] --END-- [ RunTime:0.000081s ]
INFO: Run Behavior\ParseTemplateBehavior [ RunTime:0.004829s ]
INFO: [ view_parse ] --END-- [ RunTime:0.004864s ]
INFO: [ view_filter ] --START--
INFO: Run Behavior\WriteHtmlCacheBehavior [ RunTime:0.000105s ]
INFO: [ view_filter ] --END-- [ RunTime:0.000129s ]
INFO: [ app_end ] --START--
INFO: Run Behavior\ShowPageTraceBehavior [ RunTime:0.000295s ]
INFO: [ app_end ] --END-- [ RunTime:0.000322s ]

[ 2017-04-21T19:26:27+08:00 ] 219.229.199.96 /Sign/admin.php?c=Login&a=verify
INFO: [ app_init ] --START--
INFO: Run Behavior\BuildLiteBehavior [ RunTime:0.000011s ]
INFO: [ app_init ] --END-- [ RunTime:0.000216s ]
INFO: [ app_begin ] --START--
INFO: Run Behavior\ReadHtmlCacheBehavior [ RunTime:0.000278s ]
INFO: [ app_begin ] --END-- [ RunTime:0.000323s ]
INFO: [ app_end ] --START--
INFO: Run Behavior\ShowPageTraceBehavior [ RunTime:0.000456s ]
INFO: [ app_end ] --END-- [ RunTime:0.000525s ]

[ 2017-04-21T19:26:32+08:00 ] 219.229.199.96 /Sign/admin.php?c=login&a=check
INFO: [ app_init ] --START--
INFO: Run Behavior\BuildLiteBehavior [ RunTime:0.000013s ]
INFO: [ app_init ] --END-- [ RunTime:0.000223s ]
INFO: [ app_begin ] --START--
INFO: Run Behavior\ReadHtmlCacheBehavior [ RunTime:0.000281s ]
INFO: [ app_begin ] --END-- [ RunTime:0.000313s ]
NOTIC: [8] Undefined variable: __POST /home/ubuntu/Sign/Application/Admin/Controller/LoginController.class.php 第 22 行.
NOTIC: [2048] Declaration of Common\Model\AdminModel::select() should be compatible with Think\Model::select($options = Array) /home/ubuntu/Sign/Application/Common/Model/AdminModel.class.php 第 9 行.
NOTIC: [2048] Declaration of Common\Model\AdminModel::find() should be compatible with Think\Model::find($options = Array) /home/ubuntu/Sign/Application/Common/Model/AdminModel.class.php 第 9 行.
SQL: SHOW COLUMNS FROM `cms_admin` [ RunTime:0.0007s ]
SQL: SELECT * FROM `cms_admin` WHERE ( username="admin" ) LIMIT 1   [ RunTime:0.0004s ]

[ 2017-04-21T19:26:32+08:00 ] 219.229.199.96 /Sign/admin.php?c=index
INFO: [ app_init ] --START--
INFO: Run Behavior\BuildLiteBehavior [ RunTime:0.000011s ]
INFO: [ app_init ] --END-- [ RunTime:0.000233s ]
INFO: [ app_begin ] --START--
INFO: Run Behavior\ReadHtmlCacheBehavior [ RunTime:0.000305s ]
INFO: [ app_begin ] --END-- [ RunTime:0.000342s ]
INFO: [ view_parse ] --START--
INFO: [ template_filter ] --START--
INFO: Run Behavior\ContentReplaceBehavior [ RunTime:0.000112s ]
INFO: [ template_filter ] --END-- [ RunTime:0.000193s ]
NOTIC: [8] Undefined variable: sing_path /home/ubuntu/Sign/ThinkPHP/Common/functions.php 第 991 行.
NOTIC: [8] Undefined variable: sing_path /home/ubuntu/Sign/ThinkPHP/Common/functions.php 第 991 行.
NOTIC: [8] Undefined variable: sing_path /home/ubuntu/Sign/ThinkPHP/Common/functions.php 第 991 行.
NOTIC: [8] Undefined variable: sing_path /home/ubuntu/Sign/ThinkPHP/Common/functions.php 第 991 行.
NOTIC: [8] Undefined variable: sing_path /home/ubuntu/Sign/ThinkPHP/Common/functions.php 第 991 行.
NOTIC: [8] Undefined variable: sing_path /home/ubuntu/Sign/ThinkPHP/Common/functions.php 第 991 行.
NOTIC: [8] Undefined variable: sing_path /home/ubuntu/Sign/ThinkPHP/Common/functions.php 第 991 行.
NOTIC: [8] Undefined variable: sing_path /home/ubuntu/Sign/ThinkPHP/Common/functions.php 第 991 行.
NOTIC: [8] Undefined variable: sing_path /home/ubuntu/Sign/ThinkPHP/Common/functions.php 第 991 行.
NOTIC: [8] Undefined variable: sing_path /home/ubuntu/Sign/ThinkPHP/Common/functions.php 第 991 行.
NOTIC: [8] Undefined variable: sing_path /home/ubuntu/Sign/ThinkPHP/Common/functions.php 第 991 行.
NOTIC: [8] Undefined variable: sing_path /home/ubuntu/Sign/ThinkPHP/Common/functions.php 第 991 行.
NOTIC: [8] Undefined variable: sing_path /home/ubuntu/Sign/ThinkPHP/Common/functions.php 第 991 行.
NOTIC: [8] Undefined variable: sing_path /home/ubuntu/Sign/ThinkPHP/Common/functions.php 第 991 行.
NOTIC: [8] Undefined variable: sing_path /home/ubuntu/Sign/ThinkPHP/Common/functions.php 第 991 行.
NOTIC: [8] Undefined variable: sing_path /home/ubuntu/Sign/ThinkPHP/Common/functions.php 第 991 行.
NOTIC: [8] Undefined variable: sing_path /home/ubuntu/Sign/ThinkPHP/Common/functions.php 第 991 行.
NOTIC: [8] Undefined variable: sing_path /home/ubuntu/Sign/ThinkPHP/Common/functions.php 第 991 行.
INFO: Run Behavior\ParseTemplateBehavior [ RunTime:0.067439s ]
INFO: [ view_parse ] --END-- [ RunTime:0.067479s ]
INFO: [ view_filter ] --START--
INFO: Run Behavior\WriteHtmlCacheBehavior [ RunTime:0.000124s ]
INFO: [ view_filter ] --END-- [ RunTime:0.000149s ]
INFO: [ app_end ] --START--
INFO: Run Behavior\ShowPageTraceBehavior [ RunTime:0.000324s ]
INFO: [ app_end ] --END-- [ RunTime:0.000358s ]

[ 2017-04-21T19:26:32+08:00 ] 219.229.199.96 /Sign/admin.php?m=Admin&c=Statis&a=index
INFO: [ app_init ] --START--
INFO: Run Behavior\BuildLiteBehavior [ RunTime:0.000012s ]
INFO: [ app_init ] --END-- [ RunTime:0.000262s ]
INFO: [ app_begin ] --START--
INFO: Run Behavior\ReadHtmlCacheBehavior [ RunTime:0.000362s ]
INFO: [ app_begin ] --END-- [ RunTime:0.000401s ]
INFO: [ view_parse ] --START--
INFO: [ template_filter ] --START--
INFO: Run Behavior\ContentReplaceBehavior [ RunTime:0.000050s ]
INFO: [ template_filter ] --END-- [ RunTime:0.000123s ]
INFO: Run Behavior\ParseTemplateBehavior [ RunTime:0.008016s ]
INFO: [ view_parse ] --END-- [ RunTime:0.008069s ]
INFO: [ view_filter ] --START--
INFO: Run Behavior\WriteHtmlCacheBehavior [ RunTime:0.000138s ]
INFO: [ view_filter ] --END-- [ RunTime:0.000174s ]
INFO: [ app_end ] --START--
INFO: Run Behavior\ShowPageTraceBehavior [ RunTime:0.000434s ]
INFO: [ app_end ] --END-- [ RunTime:0.000476s ]

[ 2017-04-21T19:39:27+08:00 ] 219.229.199.96 /Sign/admin.php?m=Admin&c=Opendoor&a=index
INFO: [ app_init ] --START--
INFO: Run Behavior\BuildLiteBehavior [ RunTime:0.000012s ]
INFO: [ app_init ] --END-- [ RunTime:0.000252s ]
INFO: [ app_begin ] --START--
INFO: Run Behavior\ReadHtmlCacheBehavior [ RunTime:0.000336s ]
INFO: [ app_begin ] --END-- [ RunTime:0.000385s ]
NOTIC: [8] Undefined index: depart_id /home/ubuntu/Sign/Application/Admin/Controller/OpendoorController.class.php 第 15 行.
NOTIC: [2048] Declaration of Common\Model\DepartModel::select() should be compatible with Think\Model::select($options = Array) /home/ubuntu/Sign/Application/Common/Model/DepartModel.class.php 第 9 行.
NOTIC: [2048] Declaration of Common\Model\DepartModel::find() should be compatible with Think\Model::find($options = Array) /home/ubuntu/Sign/Application/Common/Model/DepartModel.class.php 第 9 行.
SQL: SHOW COLUMNS FROM `cms_depart` [ RunTime:0.0008s ]
SQL: SELECT * FROM `cms_depart` WHERE `model` = 1 AND `online` <> -1  [ RunTime:0.0006s ]
NOTIC: [2048] Declaration of Common\Model\AttendModel::select() should be compatible with Think\Model::select($options = Array) /home/ubuntu/Sign/Application/Common/Model/AttendModel.class.php 第 111 行.
NOTIC: [2048] Declaration of Common\Model\AttendModel::find() should be compatible with Think\Model::find($options = Array) /home/ubuntu/Sign/Application/Common/Model/AttendModel.class.php 第 111 行.
SQL: SHOW COLUMNS FROM `cms_attend` [ RunTime:0.0005s ]
SQL: SELECT COUNT(*) AS tp_count FROM `cms_attend` WHERE `model` = 1 AND `online` <> -1 LIMIT 1   [ RunTime:0.0002s ]
NOTIC: [8] Undefined index: p /home/ubuntu/Sign/Application/Admin/Controller/OpendoorController.class.php 第 21 行.
NOTIC: [8] Undefined index: pageSize /home/ubuntu/Sign/Application/Admin/Controller/OpendoorController.class.php 第 22 行.
SQL: SELECT * FROM `cms_attend` WHERE `model` = 1 AND `online` <> -1 ORDER BY attend_id desc LIMIT 0,2   [ RunTime:0.0003s ]
INFO: [ view_parse ] --START--
INFO: [ template_filter ] --START--
INFO: Run Behavior\ContentReplaceBehavior [ RunTime:0.000061s ]
INFO: [ template_filter ] --END-- [ RunTime:0.000116s ]
NOTIC: [8] Undefined variable: name /home/ubuntu/Sign/Application/Runtime/Cache/Admin/037124b2b695a56eb2e47f41f01eaa87.php 第 42 行.
NOTIC: [8] Undefined variable: Opendoors /home/ubuntu/Sign/Application/Runtime/Cache/Admin/037124b2b695a56eb2e47f41f01eaa87.php 第 66 行.
INFO: Run Behavior\ParseTemplateBehavior [ RunTime:0.027515s ]
INFO: [ view_parse ] --END-- [ RunTime:0.027551s ]
INFO: [ view_filter ] --START--
INFO: Run Behavior\WriteHtmlCacheBehavior [ RunTime:0.000126s ]
INFO: [ view_filter ] --END-- [ RunTime:0.000153s ]
INFO: [ app_end ] --START--
INFO: Run Behavior\ShowPageTraceBehavior [ RunTime:0.000349s ]
INFO: [ app_end ] --END-- [ RunTime:0.000383s ]

[ 2017-04-21T20:00:47+08:00 ] 219.229.199.96 /Sign/admin.php?m=Admin&c=Basic&a=base
INFO: [ app_init ] --START--
INFO: Run Behavior\BuildLiteBehavior [ RunTime:0.000012s ]
INFO: [ app_init ] --END-- [ RunTime:0.000243s ]
INFO: [ app_begin ] --START--
INFO: Run Behavior\ReadHtmlCacheBehavior [ RunTime:0.000275s ]
INFO: [ app_begin ] --END-- [ RunTime:0.000307s ]
INFO: [ view_parse ] --START--
INFO: [ template_filter ] --START--
INFO: Run Behavior\ContentReplaceBehavior [ RunTime:0.000051s ]
INFO: [ template_filter ] --END-- [ RunTime:0.000103s ]
INFO: Run Behavior\ParseTemplateBehavior [ RunTime:0.008440s ]
INFO: [ view_parse ] --END-- [ RunTime:0.008505s ]
INFO: [ view_filter ] --START--
INFO: Run Behavior\WriteHtmlCacheBehavior [ RunTime:0.000172s ]
INFO: [ view_filter ] --END-- [ RunTime:0.000204s ]
INFO: [ app_end ] --START--
INFO: Run Behavior\ShowPageTraceBehavior [ RunTime:0.000411s ]
INFO: [ app_end ] --END-- [ RunTime:0.000460s ]

[ 2017-04-21T20:00:50+08:00 ] 219.229.199.96 /Sign/admin.php?m=Admin&c=Folks&a=index
INFO: [ app_init ] --START--
INFO: Run Behavior\BuildLiteBehavior [ RunTime:0.000012s ]
INFO: [ app_init ] --END-- [ RunTime:0.000241s ]
INFO: [ app_begin ] --START--
INFO: Run Behavior\ReadHtmlCacheBehavior [ RunTime:0.000324s ]
INFO: [ app_begin ] --END-- [ RunTime:0.000359s ]
NOTIC: [2048] Declaration of Admin\Controller\FolksController::setStatus() should be compatible with Admin\Controller\CommonController::setStatus($data, $models) /home/ubuntu/Sign/Application/Admin/Controller/FolksController.class.php 第 10 行.
NOTIC: [8] Undefined index: depart_id /home/ubuntu/Sign/Application/Admin/Controller/FolksController.class.php 第 25 行.
NOTIC: [2048] Declaration of Common\Model\DepartModel::select() should be compatible with Think\Model::select($options = Array) /home/ubuntu/Sign/Application/Common/Model/DepartModel.class.php 第 9 行.
NOTIC: [2048] Declaration of Common\Model\DepartModel::find() should be compatible with Think\Model::find($options = Array) /home/ubuntu/Sign/Application/Common/Model/DepartModel.class.php 第 9 行.
SQL: SHOW COLUMNS FROM `cms_depart` [ RunTime:0.0005s ]
SQL: SELECT * FROM `cms_depart` WHERE `model` = 1 AND `online` <> -1  [ RunTime:0.0002s ]
NOTIC: [2048] Declaration of Common\Model\StaffModel::select() should be compatible with Think\Model::select($options = Array) /home/ubuntu/Sign/Application/Common/Model/StaffModel.class.php 第 147 行.
NOTIC: [2048] Declaration of Common\Model\StaffModel::find() should be compatible with Think\Model::find($options = Array) /home/ubuntu/Sign/Application/Common/Model/StaffModel.class.php 第 147 行.
SQL: SHOW COLUMNS FROM `cms_staff` [ RunTime:0.0007s ]
SQL: SELECT COUNT(*) AS tp_count FROM `cms_staff` WHERE `model` = 1 AND `online` <> -1 LIMIT 1   [ RunTime:0.0002s ]
NOTIC: [8] Undefined index: p /home/ubuntu/Sign/Application/Admin/Controller/FolksController.class.php 第 30 行.
NOTIC: [8] Undefined index: pageSize /home/ubuntu/Sign/Application/Admin/Controller/FolksController.class.php 第 31 行.
SQL: SELECT * FROM `cms_staff` WHERE `model` = 1 AND `online` <> -1 ORDER BY staff_id desc LIMIT 0,2   [ RunTime:0.0002s ]
NOTIC: [8] Undefined variable: sing_path /home/ubuntu/Sign/ThinkPHP/Common/functions.php 第 991 行.
INFO: [ view_parse ] --START--
INFO: [ template_filter ] --START--
INFO: Run Behavior\ContentReplaceBehavior [ RunTime:0.000064s ]
INFO: [ template_filter ] --END-- [ RunTime:0.000124s ]
NOTIC: [8] Undefined variable: starttime /home/ubuntu/Sign/Application/Runtime/Cache/Admin/fef12462ce0a78cb1e12783ac60c729a.php 第 41 行.
NOTIC: [8] Undefined variable: endtime /home/ubuntu/Sign/Application/Runtime/Cache/Admin/fef12462ce0a78cb1e12783ac60c729a.php 第 43 行.
NOTIC: [8] Undefined variable: name /home/ubuntu/Sign/Application/Runtime/Cache/Admin/fef12462ce0a78cb1e12783ac60c729a.php 第 46 行.
INFO: Run Behavior\ParseTemplateBehavior [ RunTime:0.026733s ]
INFO: [ view_parse ] --END-- [ RunTime:0.026766s ]
INFO: [ view_filter ] --START--
INFO: Run Behavior\WriteHtmlCacheBehavior [ RunTime:0.000115s ]
INFO: [ view_filter ] --END-- [ RunTime:0.000141s ]
INFO: [ app_end ] --START--
INFO: Run Behavior\ShowPageTraceBehavior [ RunTime:0.000463s ]
INFO: [ app_end ] --END-- [ RunTime:0.000494s ]

[ 2017-04-21T20:01:12+08:00 ] 219.229.199.96 /Sign/admin.php?m=Admin&c=Family&a=index
INFO: [ app_init ] --START--
INFO: Run Behavior\BuildLiteBehavior [ RunTime:0.000018s ]
INFO: [ app_init ] --END-- [ RunTime:0.000477s ]
INFO: [ app_begin ] --START--
INFO: Run Behavior\ReadHtmlCacheBehavior [ RunTime:0.000430s ]
INFO: [ app_begin ] --END-- [ RunTime:0.000474s ]
NOTIC: [2048] Declaration of Admin\Controller\FamilyController::setStatus() should be compatible with Admin\Controller\CommonController::setStatus($data, $models) /home/ubuntu/Sign/Application/Admin/Controller/FamilyController.class.php 第 9 行.
NOTIC: [2048] Declaration of Common\Model\DepartModel::select() should be compatible with Think\Model::select($options = Array) /home/ubuntu/Sign/Application/Common/Model/DepartModel.class.php 第 9 行.
NOTIC: [2048] Declaration of Common\Model\DepartModel::find() should be compatible with Think\Model::find($options = Array) /home/ubuntu/Sign/Application/Common/Model/DepartModel.class.php 第 9 行.
SQL: SHOW COLUMNS FROM `cms_depart` [ RunTime:0.0005s ]
NOTIC: [8] Undefined index: depart_id /home/ubuntu/Sign/Application/Common/Model/DepartModel.class.php 第 70 行.
SQL: SELECT COUNT(*) AS tp_count FROM `cms_depart` WHERE `model` = 1 AND `online` <> -1 LIMIT 1   [ RunTime:0.0002s ]
NOTIC: [8] Undefined index: p /home/ubuntu/Sign/Application/Admin/Controller/FamilyController.class.php 第 19 行.
NOTIC: [8] Undefined index: pageSize /home/ubuntu/Sign/Application/Admin/Controller/FamilyController.class.php 第 20 行.
SQL: SELECT * FROM `cms_depart` WHERE `model` = 1 AND `online` <> -1 ORDER BY depart_id desc LIMIT 0,2   [ RunTime:0.0002s ]
NOTIC: [8] Undefined variable: sing_path /home/ubuntu/Sign/ThinkPHP/Common/functions.php 第 991 行.
INFO: [ view_parse ] --START--
INFO: [ template_filter ] --START--
INFO: Run Behavior\ContentReplaceBehavior [ RunTime:0.000087s ]
INFO: [ template_filter ] --END-- [ RunTime:0.000132s ]
NOTIC: [8] Undefined variable: name /home/ubuntu/Sign/Application/Runtime/Cache/Admin/1388e2f83ae59d99068f075caa2078ba.php 第 36 行.
INFO: Run Behavior\ParseTemplateBehavior [ RunTime:0.007934s ]
INFO: [ view_parse ] --END-- [ RunTime:0.007965s ]
INFO: [ view_filter ] --START--
INFO: Run Behavior\WriteHtmlCacheBehavior [ RunTime:0.000150s ]
INFO: [ view_filter ] --END-- [ RunTime:0.000174s ]
INFO: [ app_end ] --START--
INFO: Run Behavior\ShowPageTraceBehavior [ RunTime:0.000290s ]
INFO: [ app_end ] --END-- [ RunTime:0.000317s ]

[ 2017-04-21T20:01:13+08:00 ] 219.229.199.96 /Sign/admin.php?m=Admin&c=Folks&a=index
INFO: [ app_init ] --START--
INFO: Run Behavior\BuildLiteBehavior [ RunTime:0.000012s ]
INFO: [ app_init ] --END-- [ RunTime:0.000230s ]
INFO: [ app_begin ] --START--
INFO: Run Behavior\ReadHtmlCacheBehavior [ RunTime:0.000274s ]
INFO: [ app_begin ] --END-- [ RunTime:0.000307s ]
NOTIC: [2048] Declaration of Admin\Controller\FolksController::setStatus() should be compatible with Admin\Controller\CommonController::setStatus($data, $models) /home/ubuntu/Sign/Application/Admin/Controller/FolksController.class.php 第 10 行.
NOTIC: [8] Undefined index: depart_id /home/ubuntu/Sign/Application/Admin/Controller/FolksController.class.php 第 25 行.
NOTIC: [2048] Declaration of Common\Model\DepartModel::select() should be compatible with Think\Model::select($options = Array) /home/ubuntu/Sign/Application/Common/Model/DepartModel.class.php 第 9 行.
NOTIC: [2048] Declaration of Common\Model\DepartModel::find() should be compatible with Think\Model::find($options = Array) /home/ubuntu/Sign/Application/Common/Model/DepartModel.class.php 第 9 行.
SQL: SHOW COLUMNS FROM `cms_depart` [ RunTime:0.0005s ]
SQL: SELECT * FROM `cms_depart` WHERE `model` = 1 AND `online` <> -1  [ RunTime:0.0002s ]
NOTIC: [2048] Declaration of Common\Model\StaffModel::select() should be compatible with Think\Model::select($options = Array) /home/ubuntu/Sign/Application/Common/Model/StaffModel.class.php 第 147 行.
NOTIC: [2048] Declaration of Common\Model\StaffModel::find() should be compatible with Think\Model::find($options = Array) /home/ubuntu/Sign/Application/Common/Model/StaffModel.class.php 第 147 行.
SQL: SHOW COLUMNS FROM `cms_staff` [ RunTime:0.0005s ]
SQL: SELECT COUNT(*) AS tp_count FROM `cms_staff` WHERE `model` = 1 AND `online` <> -1 LIMIT 1   [ RunTime:0.0002s ]
NOTIC: [8] Undefined index: p /home/ubuntu/Sign/Application/Admin/Controller/FolksController.class.php 第 30 行.
NOTIC: [8] Undefined index: pageSize /home/ubuntu/Sign/Application/Admin/Controller/FolksController.class.php 第 31 行.
SQL: SELECT * FROM `cms_staff` WHERE `model` = 1 AND `online` <> -1 ORDER BY staff_id desc LIMIT 0,2   [ RunTime:0.0002s ]
NOTIC: [8] Undefined variable: sing_path /home/ubuntu/Sign/ThinkPHP/Common/functions.php 第 991 行.
INFO: [ view_parse ] --START--
INFO: [ template_filter ] --START--
INFO: Run Behavior\ContentReplaceBehavior [ RunTime:0.000057s ]
INFO: [ template_filter ] --END-- [ RunTime:0.000099s ]
NOTIC: [8] Undefined variable: starttime /home/ubuntu/Sign/Application/Runtime/Cache/Admin/fef12462ce0a78cb1e12783ac60c729a.php 第 41 行.
NOTIC: [8] Undefined variable: endtime /home/ubuntu/Sign/Application/Runtime/Cache/Admin/fef12462ce0a78cb1e12783ac60c729a.php 第 43 行.
NOTIC: [8] Undefined variable: name /home/ubuntu/Sign/Application/Runtime/Cache/Admin/fef12462ce0a78cb1e12783ac60c729a.php 第 46 行.
INFO: Run Behavior\ParseTemplateBehavior [ RunTime:0.006530s ]
INFO: [ view_parse ] --END-- [ RunTime:0.006561s ]
INFO: [ view_filter ] --START--
INFO: Run Behavior\WriteHtmlCacheBehavior [ RunTime:0.000110s ]
INFO: [ view_filter ] --END-- [ RunTime:0.000133s ]
INFO: [ app_end ] --START--
INFO: Run Behavior\ShowPageTraceBehavior [ RunTime:0.000310s ]
INFO: [ app_end ] --END-- [ RunTime:0.000348s ]

[ 2017-04-21T20:01:33+08:00 ] 219.229.199.96 /Sign/admin.php?m=Admin&c=Live&a=index
INFO: [ app_init ] --START--
INFO: Run Behavior\BuildLiteBehavior [ RunTime:0.000012s ]
INFO: [ app_init ] --END-- [ RunTime:0.000237s ]
INFO: [ app_begin ] --START--
INFO: Run Behavior\ReadHtmlCacheBehavior [ RunTime:0.000343s ]
INFO: [ app_begin ] --END-- [ RunTime:0.000380s ]
INFO: [ view_parse ] --START--
INFO: [ template_filter ] --START--
INFO: Run Behavior\ContentReplaceBehavior [ RunTime:0.000040s ]
INFO: [ template_filter ] --END-- [ RunTime:0.000072s ]
INFO: Run Behavior\ParseTemplateBehavior [ RunTime:0.003750s ]
INFO: [ view_parse ] --END-- [ RunTime:0.003783s ]
INFO: [ view_filter ] --START--
INFO: Run Behavior\WriteHtmlCacheBehavior [ RunTime:0.000113s ]
INFO: [ view_filter ] --END-- [ RunTime:0.000152s ]
INFO: [ app_end ] --START--
INFO: Run Behavior\ShowPageTraceBehavior [ RunTime:0.000310s ]
INFO: [ app_end ] --END-- [ RunTime:0.000338s ]

[ 2017-04-21T20:07:03+08:00 ] 219.229.199.96 /Sign/admin.php?m=Admin&c=Basic&a=base
INFO: [ app_init ] --START--
INFO: Run Behavior\BuildLiteBehavior [ RunTime:0.000013s ]
INFO: [ app_init ] --END-- [ RunTime:0.000226s ]
INFO: [ app_begin ] --START--
INFO: Run Behavior\ReadHtmlCacheBehavior [ RunTime:0.000282s ]
INFO: [ app_begin ] --END-- [ RunTime:0.000321s ]
INFO: [ view_parse ] --START--
INFO: [ template_filter ] --START--
INFO: Run Behavior\ContentReplaceBehavior [ RunTime:0.000051s ]
INFO: [ template_filter ] --END-- [ RunTime:0.000094s ]
INFO: Run Behavior\ParseTemplateBehavior [ RunTime:0.004875s ]
INFO: [ view_parse ] --END-- [ RunTime:0.004911s ]
INFO: [ view_filter ] --START--
INFO: Run Behavior\WriteHtmlCacheBehavior [ RunTime:0.000110s ]
INFO: [ view_filter ] --END-- [ RunTime:0.000132s ]
INFO: [ app_end ] --START--
INFO: Run Behavior\ShowPageTraceBehavior [ RunTime:0.000317s ]
INFO: [ app_end ] --END-- [ RunTime:0.000354s ]

[ 2017-04-21T20:07:33+08:00 ] 219.229.199.96 /Sign/admin.php?m=Admin&c=Admin&a=index
INFO: [ app_init ] --START--
INFO: Run Behavior\BuildLiteBehavior [ RunTime:0.000011s ]
INFO: [ app_init ] --END-- [ RunTime:0.000218s ]
INFO: [ app_begin ] --START--
INFO: Run Behavior\ReadHtmlCacheBehavior [ RunTime:0.000273s ]
INFO: [ app_begin ] --END-- [ RunTime:0.000305s ]
NOTIC: [2048] Declaration of Admin\Controller\AdminController::setStatus() should be compatible with Admin\Controller\CommonController::setStatus($data, $models) /home/ubuntu/Sign/Application/Admin/Controller/AdminController.class.php 第 8 行.
NOTIC: [2048] Declaration of Common\Model\AdminModel::select() should be compatible with Think\Model::select($options = Array) /home/ubuntu/Sign/Application/Common/Model/AdminModel.class.php 第 9 行.
NOTIC: [2048] Declaration of Common\Model\AdminModel::find() should be compatible with Think\Model::find($options = Array) /home/ubuntu/Sign/Application/Common/Model/AdminModel.class.php 第 9 行.
SQL: SHOW COLUMNS FROM `cms_admin` [ RunTime:0.0008s ]
NOTIC: [8] Undefined variable: data /home/ubuntu/Sign/Application/Admin/Controller/AdminController.class.php 第 22 行.
SQL: SELECT COUNT(*) AS tp_count FROM `cms_admin` WHERE `online` <> -1 LIMIT 1   [ RunTime:0.0002s ]
NOTIC: [8] Undefined index: p /home/ubuntu/Sign/Application/Admin/Controller/AdminController.class.php 第 24 行.
NOTIC: [8] Undefined index: pageSize /home/ubuntu/Sign/Application/Admin/Controller/AdminController.class.php 第 25 行.
NOTIC: [8] Undefined variable: data /home/ubuntu/Sign/Application/Admin/Controller/AdminController.class.php 第 26 行.
SQL: SELECT * FROM `cms_admin` WHERE `online` <> -1 ORDER BY admin_id desc LIMIT 0,3   [ RunTime:0.0002s ]
NOTIC: [8] Undefined variable: sing_path /home/ubuntu/Sign/ThinkPHP/Common/functions.php 第 991 行.
INFO: [ view_parse ] --START--
INFO: [ template_filter ] --START--
INFO: Run Behavior\ContentReplaceBehavior [ RunTime:0.000090s ]
INFO: [ template_filter ] --END-- [ RunTime:0.000157s ]
NOTIC: [8] Undefined variable: starttime /home/ubuntu/Sign/Application/Runtime/Cache/Admin/b682812e058c4f7cab74d08ab9eabe11.php 第 34 行.
NOTIC: [8] Undefined variable: endtime /home/ubuntu/Sign/Application/Runtime/Cache/Admin/b682812e058c4f7cab74d08ab9eabe11.php 第 36 行.
NOTIC: [8] Undefined variable: name /home/ubuntu/Sign/Application/Runtime/Cache/Admin/b682812e058c4f7cab74d08ab9eabe11.php 第 39 行.
INFO: Run Behavior\ParseTemplateBehavior [ RunTime:0.036685s ]
INFO: [ view_parse ] --END-- [ RunTime:0.036730s ]
INFO: [ view_filter ] --START--
INFO: Run Behavior\WriteHtmlCacheBehavior [ RunTime:0.000145s ]
INFO: [ view_filter ] --END-- [ RunTime:0.000182s ]
INFO: [ app_end ] --START--
INFO: Run Behavior\ShowPageTraceBehavior [ RunTime:0.000439s ]
INFO: [ app_end ] --END-- [ RunTime:0.000482s ]

[ 2017-04-21T21:26:58+08:00 ] 219.229.199.96 /Sign/admin.php?m=Admin&c=Statis&a=index
INFO: [ app_init ] --START--
INFO: Run Behavior\BuildLiteBehavior [ RunTime:0.000011s ]
INFO: [ app_init ] --END-- [ RunTime:0.000238s ]
INFO: [ app_begin ] --START--
INFO: Run Behavior\ReadHtmlCacheBehavior [ RunTime:0.000326s ]
INFO: [ app_begin ] --END-- [ RunTime:0.000399s ]
INFO: [ view_parse ] --START--
INFO: [ template_filter ] --START--
INFO: Run Behavior\ContentReplaceBehavior [ RunTime:0.000039s ]
INFO: [ template_filter ] --END-- [ RunTime:0.000088s ]
INFO: Run Behavior\ParseTemplateBehavior [ RunTime:0.003638s ]
INFO: [ view_parse ] --END-- [ RunTime:0.003691s ]
INFO: [ view_filter ] --START--
INFO: Run Behavior\WriteHtmlCacheBehavior [ RunTime:0.000285s ]
INFO: [ view_filter ] --END-- [ RunTime:0.000337s ]
INFO: [ app_end ] --START--
INFO: Run Behavior\ShowPageTraceBehavior [ RunTime:0.000536s ]
INFO: [ app_end ] --END-- [ RunTime:0.000585s ]

