[ 2017-04-22T00:59:12+08:00 ] 182.85.232.61 /Sign/admin.php
INFO: [ app_init ] --START--
INFO: Run Behavior\BuildLiteBehavior [ RunTime:0.000018s ]
INFO: [ app_init ] --END-- [ RunTime:0.000335s ]
INFO: [ app_begin ] --START--
INFO: Run Behavior\ReadHtmlCacheBehavior [ RunTime:0.000418s ]
INFO: [ app_begin ] --END-- [ RunTime:0.000467s ]
NOTIC: [8] Undefined variable: sing_path /home/ubuntu/Sign/ThinkPHP/Common/functions.php 第 991 行.
NOTIC: [8] Undefined variable: module /home/ubuntu/Sign/ThinkPHP/Common/functions.php 第 994 行.
NOTIC: [8] Undefined variable: var /home/ubuntu/Sign/ThinkPHP/Common/functions.php 第 997 行.
NOTIC: [2] array_reverse() expects parameter 1 to be array, null given /home/ubuntu/Sign/ThinkPHP/Common/functions.php 第 997 行.
NOTIC: [2] http_build_query(): Parameter 1 expected to be Array or Object.  Incorrect value given /home/ubuntu/Sign/ThinkPHP/Common/functions.php 第 997 行.

[ 2017-04-22T00:59:12+08:00 ] 182.85.232.61 /Sign/admin.php?&c=login
INFO: [ app_init ] --START--
INFO: Run Behavior\BuildLiteBehavior [ RunTime:0.000014s ]
INFO: [ app_init ] --END-- [ RunTime:0.000256s ]
INFO: [ app_begin ] --START--
INFO: Run Behavior\ReadHtmlCacheBehavior [ RunTime:0.000291s ]
INFO: [ app_begin ] --END-- [ RunTime:0.000324s ]
INFO: [ view_parse ] --START--
INFO: [ template_filter ] --START--
INFO: Run Behavior\ContentReplaceBehavior [ RunTime:0.000041s ]
INFO: [ template_filter ] --END-- [ RunTime:0.000075s ]
INFO: Run Behavior\ParseTemplateBehavior [ RunTime:0.004579s ]
INFO: [ view_parse ] --END-- [ RunTime:0.004611s ]
INFO: [ view_filter ] --START--
INFO: Run Behavior\WriteHtmlCacheBehavior [ RunTime:0.000092s ]
INFO: [ view_filter ] --END-- [ RunTime:0.000115s ]
INFO: [ app_end ] --START--
INFO: Run Behavior\ShowPageTraceBehavior [ RunTime:0.000326s ]
INFO: [ app_end ] --END-- [ RunTime:0.000354s ]

[ 2017-04-22T00:59:12+08:00 ] 182.85.232.61 /Sign/admin.php?c=Login&a=verify
INFO: [ app_init ] --START--
INFO: Run Behavior\BuildLiteBehavior [ RunTime:0.000010s ]
INFO: [ app_init ] --END-- [ RunTime:0.000302s ]
INFO: [ app_begin ] --START--
INFO: Run Behavior\ReadHtmlCacheBehavior [ RunTime:0.000278s ]
INFO: [ app_begin ] --END-- [ RunTime:0.000311s ]
INFO: [ app_end ] --START--
INFO: Run Behavior\ShowPageTraceBehavior [ RunTime:0.000490s ]
INFO: [ app_end ] --END-- [ RunTime:0.000556s ]

[ 2017-04-22T00:59:36+08:00 ] 182.85.232.61 /Sign/admin.php?c=login&a=check
INFO: [ app_init ] --START--
INFO: Run Behavior\BuildLiteBehavior [ RunTime:0.000012s ]
INFO: [ app_init ] --END-- [ RunTime:0.000283s ]
INFO: [ app_begin ] --START--
INFO: Run Behavior\ReadHtmlCacheBehavior [ RunTime:0.000283s ]
INFO: [ app_begin ] --END-- [ RunTime:0.000314s ]
NOTIC: [8] Undefined variable: __POST /home/ubuntu/Sign/Application/Admin/Controller/LoginController.class.php 第 22 行.
NOTIC: [2048] Declaration of Common\Model\AdminModel::select() should be compatible with Think\Model::select($options = Array) /home/ubuntu/Sign/Application/Common/Model/AdminModel.class.php 第 9 行.
NOTIC: [2048] Declaration of Common\Model\AdminModel::find() should be compatible with Think\Model::find($options = Array) /home/ubuntu/Sign/Application/Common/Model/AdminModel.class.php 第 9 行.
SQL: SHOW COLUMNS FROM `cms_admin` [ RunTime:0.0006s ]
SQL: SELECT * FROM `cms_admin` WHERE ( username="admin" ) LIMIT 1   [ RunTime:0.0004s ]

[ 2017-04-22T00:59:45+08:00 ] 182.85.232.61 /Sign/admin.php?c=login&a=check
INFO: [ app_init ] --START--
INFO: Run Behavior\BuildLiteBehavior [ RunTime:0.000014s ]
INFO: [ app_init ] --END-- [ RunTime:0.000328s ]
INFO: [ app_begin ] --START--
INFO: Run Behavior\ReadHtmlCacheBehavior [ RunTime:0.000343s ]
INFO: [ app_begin ] --END-- [ RunTime:0.000376s ]
NOTIC: [8] Undefined variable: __POST /home/ubuntu/Sign/Application/Admin/Controller/LoginController.class.php 第 22 行.
NOTIC: [2048] Declaration of Common\Model\AdminModel::select() should be compatible with Think\Model::select($options = Array) /home/ubuntu/Sign/Application/Common/Model/AdminModel.class.php 第 9 行.
NOTIC: [2048] Declaration of Common\Model\AdminModel::find() should be compatible with Think\Model::find($options = Array) /home/ubuntu/Sign/Application/Common/Model/AdminModel.class.php 第 9 行.
SQL: SHOW COLUMNS FROM `cms_admin` [ RunTime:0.0006s ]
SQL: SELECT * FROM `cms_admin` WHERE ( username="admin" ) LIMIT 1   [ RunTime:0.0002s ]

[ 2017-04-22T00:59:53+08:00 ] 182.85.232.61 /Sign/admin.php?c=login&a=check
INFO: [ app_init ] --START--
INFO: Run Behavior\BuildLiteBehavior [ RunTime:0.000016s ]
INFO: [ app_init ] --END-- [ RunTime:0.000332s ]
INFO: [ app_begin ] --START--
INFO: Run Behavior\ReadHtmlCacheBehavior [ RunTime:0.000410s ]
INFO: [ app_begin ] --END-- [ RunTime:0.000457s ]
NOTIC: [8] Undefined variable: __POST /home/ubuntu/Sign/Application/Admin/Controller/LoginController.class.php 第 22 行.
NOTIC: [2048] Declaration of Common\Model\AdminModel::select() should be compatible with Think\Model::select($options = Array) /home/ubuntu/Sign/Application/Common/Model/AdminModel.class.php 第 9 行.
NOTIC: [2048] Declaration of Common\Model\AdminModel::find() should be compatible with Think\Model::find($options = Array) /home/ubuntu/Sign/Application/Common/Model/AdminModel.class.php 第 9 行.
SQL: SHOW COLUMNS FROM `cms_admin` [ RunTime:0.0005s ]
SQL: SELECT * FROM `cms_admin` WHERE ( username="admin" ) LIMIT 1   [ RunTime:0.0002s ]

[ 2017-04-22T00:59:54+08:00 ] 182.85.232.61 /Sign/admin.php?c=login&a=check
INFO: [ app_init ] --START--
INFO: Run Behavior\BuildLiteBehavior [ RunTime:0.000016s ]
INFO: [ app_init ] --END-- [ RunTime:0.000313s ]
INFO: [ app_begin ] --START--
INFO: Run Behavior\ReadHtmlCacheBehavior [ RunTime:0.000381s ]
INFO: [ app_begin ] --END-- [ RunTime:0.000424s ]
NOTIC: [8] Undefined variable: __POST /home/ubuntu/Sign/Application/Admin/Controller/LoginController.class.php 第 22 行.
NOTIC: [2048] Declaration of Common\Model\AdminModel::select() should be compatible with Think\Model::select($options = Array) /home/ubuntu/Sign/Application/Common/Model/AdminModel.class.php 第 9 行.
NOTIC: [2048] Declaration of Common\Model\AdminModel::find() should be compatible with Think\Model::find($options = Array) /home/ubuntu/Sign/Application/Common/Model/AdminModel.class.php 第 9 行.
SQL: SHOW COLUMNS FROM `cms_admin` [ RunTime:0.0006s ]
SQL: SELECT * FROM `cms_admin` WHERE ( username="admin" ) LIMIT 1   [ RunTime:0.0002s ]

[ 2017-04-22T01:00:02+08:00 ] 182.85.232.61 /Sign/admin.php?c=Login&a=verify&time=1492794001764
INFO: [ app_init ] --START--
INFO: Run Behavior\BuildLiteBehavior [ RunTime:0.000015s ]
INFO: [ app_init ] --END-- [ RunTime:0.000251s ]
INFO: [ app_begin ] --START--
INFO: Run Behavior\ReadHtmlCacheBehavior [ RunTime:0.000291s ]
INFO: [ app_begin ] --END-- [ RunTime:0.000323s ]
INFO: [ app_end ] --START--
INFO: Run Behavior\ShowPageTraceBehavior [ RunTime:0.000293s ]
INFO: [ app_end ] --END-- [ RunTime:0.000331s ]

[ 2017-04-22T01:00:06+08:00 ] 182.85.232.61 /Sign/admin.php?c=login&a=check
INFO: [ app_init ] --START--
INFO: Run Behavior\BuildLiteBehavior [ RunTime:0.000012s ]
INFO: [ app_init ] --END-- [ RunTime:0.000248s ]
INFO: [ app_begin ] --START--
INFO: Run Behavior\ReadHtmlCacheBehavior [ RunTime:0.000276s ]
INFO: [ app_begin ] --END-- [ RunTime:0.000308s ]
NOTIC: [8] Undefined variable: __POST /home/ubuntu/Sign/Application/Admin/Controller/LoginController.class.php 第 22 行.
NOTIC: [2048] Declaration of Common\Model\AdminModel::select() should be compatible with Think\Model::select($options = Array) /home/ubuntu/Sign/Application/Common/Model/AdminModel.class.php 第 9 行.
NOTIC: [2048] Declaration of Common\Model\AdminModel::find() should be compatible with Think\Model::find($options = Array) /home/ubuntu/Sign/Application/Common/Model/AdminModel.class.php 第 9 行.
SQL: SHOW COLUMNS FROM `cms_admin` [ RunTime:0.0007s ]
SQL: SELECT * FROM `cms_admin` WHERE ( username="admin" ) LIMIT 1   [ RunTime:0.0002s ]

[ 2017-04-22T01:00:09+08:00 ] 182.85.232.61 /Sign/admin.php?c=login&a=check
INFO: [ app_init ] --START--
INFO: Run Behavior\BuildLiteBehavior [ RunTime:0.000012s ]
INFO: [ app_init ] --END-- [ RunTime:0.000223s ]
INFO: [ app_begin ] --START--
INFO: Run Behavior\ReadHtmlCacheBehavior [ RunTime:0.000307s ]
INFO: [ app_begin ] --END-- [ RunTime:0.000344s ]
NOTIC: [8] Undefined variable: __POST /home/ubuntu/Sign/Application/Admin/Controller/LoginController.class.php 第 22 行.
NOTIC: [2048] Declaration of Common\Model\AdminModel::select() should be compatible with Think\Model::select($options = Array) /home/ubuntu/Sign/Application/Common/Model/AdminModel.class.php 第 9 行.
NOTIC: [2048] Declaration of Common\Model\AdminModel::find() should be compatible with Think\Model::find($options = Array) /home/ubuntu/Sign/Application/Common/Model/AdminModel.class.php 第 9 行.
SQL: SHOW COLUMNS FROM `cms_admin` [ RunTime:0.0006s ]
SQL: SELECT * FROM `cms_admin` WHERE ( username="admin" ) LIMIT 1   [ RunTime:0.0002s ]

[ 2017-04-22T01:00:32+08:00 ] 182.85.232.61 /Sign/admin.php?c=login&a=check
INFO: [ app_init ] --START--
INFO: Run Behavior\BuildLiteBehavior [ RunTime:0.000011s ]
INFO: [ app_init ] --END-- [ RunTime:0.000217s ]
INFO: [ app_begin ] --START--
INFO: Run Behavior\ReadHtmlCacheBehavior [ RunTime:0.000260s ]
INFO: [ app_begin ] --END-- [ RunTime:0.000293s ]
NOTIC: [8] Undefined variable: __POST /home/ubuntu/Sign/Application/Admin/Controller/LoginController.class.php 第 22 行.
NOTIC: [2048] Declaration of Common\Model\AdminModel::select() should be compatible with Think\Model::select($options = Array) /home/ubuntu/Sign/Application/Common/Model/AdminModel.class.php 第 9 行.
NOTIC: [2048] Declaration of Common\Model\AdminModel::find() should be compatible with Think\Model::find($options = Array) /home/ubuntu/Sign/Application/Common/Model/AdminModel.class.php 第 9 行.
SQL: SHOW COLUMNS FROM `cms_admin` [ RunTime:0.0007s ]
SQL: SELECT * FROM `cms_admin` WHERE ( username="admin" ) LIMIT 1   [ RunTime:0.0003s ]

[ 2017-04-22T01:00:32+08:00 ] 182.85.232.61 /Sign/admin.php?c=index
INFO: [ app_init ] --START--
INFO: Run Behavior\BuildLiteBehavior [ RunTime:0.000011s ]
INFO: [ app_init ] --END-- [ RunTime:0.000240s ]
INFO: [ app_begin ] --START--
INFO: Run Behavior\ReadHtmlCacheBehavior [ RunTime:0.000385s ]
INFO: [ app_begin ] --END-- [ RunTime:0.000418s ]
INFO: [ view_parse ] --START--
INFO: [ template_filter ] --START--
INFO: Run Behavior\ContentReplaceBehavior [ RunTime:0.000045s ]
INFO: [ template_filter ] --END-- [ RunTime:0.000080s ]
NOTIC: [8] Undefined variable: sing_path /home/ubuntu/Sign/ThinkPHP/Common/functions.php 第 991 行.
NOTIC: [8] Undefined variable: sing_path /home/ubuntu/Sign/ThinkPHP/Common/functions.php 第 991 行.
NOTIC: [8] Undefined variable: sing_path /home/ubuntu/Sign/ThinkPHP/Common/functions.php 第 991 行.
NOTIC: [8] Undefined variable: sing_path /home/ubuntu/Sign/ThinkPHP/Common/functions.php 第 991 行.
NOTIC: [8] Undefined variable: sing_path /home/ubuntu/Sign/ThinkPHP/Common/functions.php 第 991 行.
NOTIC: [8] Undefined variable: sing_path /home/ubuntu/Sign/ThinkPHP/Common/functions.php 第 991 行.
NOTIC: [8] Undefined variable: sing_path /home/ubuntu/Sign/ThinkPHP/Common/functions.php 第 991 行.
NOTIC: [8] Undefined variable: sing_path /home/ubuntu/Sign/ThinkPHP/Common/functions.php 第 991 行.
NOTIC: [8] Undefined variable: sing_path /home/ubuntu/Sign/ThinkPHP/Common/functions.php 第 991 行.
NOTIC: [8] Undefined variable: sing_path /home/ubuntu/Sign/ThinkPHP/Common/functions.php 第 991 行.
NOTIC: [8] Undefined variable: sing_path /home/ubuntu/Sign/ThinkPHP/Common/functions.php 第 991 行.
NOTIC: [8] Undefined variable: sing_path /home/ubuntu/Sign/ThinkPHP/Common/functions.php 第 991 行.
NOTIC: [8] Undefined variable: sing_path /home/ubuntu/Sign/ThinkPHP/Common/functions.php 第 991 行.
NOTIC: [8] Undefined variable: sing_path /home/ubuntu/Sign/ThinkPHP/Common/functions.php 第 991 行.
NOTIC: [8] Undefined variable: sing_path /home/ubuntu/Sign/ThinkPHP/Common/functions.php 第 991 行.
NOTIC: [8] Undefined variable: sing_path /home/ubuntu/Sign/ThinkPHP/Common/functions.php 第 991 行.
NOTIC: [8] Undefined variable: sing_path /home/ubuntu/Sign/ThinkPHP/Common/functions.php 第 991 行.
NOTIC: [8] Undefined variable: sing_path /home/ubuntu/Sign/ThinkPHP/Common/functions.php 第 991 行.
INFO: Run Behavior\ParseTemplateBehavior [ RunTime:0.006327s ]
INFO: [ view_parse ] --END-- [ RunTime:0.006356s ]
INFO: [ view_filter ] --START--
INFO: Run Behavior\WriteHtmlCacheBehavior [ RunTime:0.000112s ]
INFO: [ view_filter ] --END-- [ RunTime:0.000137s ]
INFO: [ app_end ] --START--
INFO: Run Behavior\ShowPageTraceBehavior [ RunTime:0.000334s ]
INFO: [ app_end ] --END-- [ RunTime:0.000368s ]

[ 2017-04-22T01:00:32+08:00 ] 182.85.232.61 /Sign/admin.php?m=Admin&c=Statis&a=index
INFO: [ app_init ] --START--
INFO: Run Behavior\BuildLiteBehavior [ RunTime:0.000012s ]
INFO: [ app_init ] --END-- [ RunTime:0.000274s ]
INFO: [ app_begin ] --START--
INFO: Run Behavior\ReadHtmlCacheBehavior [ RunTime:0.000297s ]
INFO: [ app_begin ] --END-- [ RunTime:0.000338s ]
INFO: [ view_parse ] --START--
INFO: [ template_filter ] --START--
INFO: Run Behavior\ContentReplaceBehavior [ RunTime:0.000026s ]
INFO: [ template_filter ] --END-- [ RunTime:0.000058s ]
INFO: Run Behavior\ParseTemplateBehavior [ RunTime:0.002953s ]
INFO: [ view_parse ] --END-- [ RunTime:0.002985s ]
INFO: [ view_filter ] --START--
INFO: Run Behavior\WriteHtmlCacheBehavior [ RunTime:0.000094s ]
INFO: [ view_filter ] --END-- [ RunTime:0.000117s ]
INFO: [ app_end ] --START--
INFO: Run Behavior\ShowPageTraceBehavior [ RunTime:0.000281s ]
INFO: [ app_end ] --END-- [ RunTime:0.000307s ]

[ 2017-04-22T01:00:55+08:00 ] 182.85.232.61 /Sign/admin.php?m=Admin&c=Attend&a=index
INFO: [ app_init ] --START--
INFO: Run Behavior\BuildLiteBehavior [ RunTime:0.000011s ]
INFO: [ app_init ] --END-- [ RunTime:0.000237s ]
INFO: [ app_begin ] --START--
INFO: Run Behavior\ReadHtmlCacheBehavior [ RunTime:0.000282s ]
INFO: [ app_begin ] --END-- [ RunTime:0.000316s ]
NOTIC: [8] Undefined index: depart_id /home/ubuntu/Sign/Application/Admin/Controller/AttendController.class.php 第 18 行.
NOTIC: [2048] Declaration of Common\Model\DepartModel::select() should be compatible with Think\Model::select($options = Array) /home/ubuntu/Sign/Application/Common/Model/DepartModel.class.php 第 9 行.
NOTIC: [2048] Declaration of Common\Model\DepartModel::find() should be compatible with Think\Model::find($options = Array) /home/ubuntu/Sign/Application/Common/Model/DepartModel.class.php 第 9 行.
SQL: SHOW COLUMNS FROM `cms_depart` [ RunTime:0.0005s ]
SQL: SELECT * FROM `cms_depart` WHERE `model` = 0 AND `online` <> -1  [ RunTime:0.0003s ]
NOTIC: [2048] Declaration of Common\Model\AttendModel::select() should be compatible with Think\Model::select($options = Array) /home/ubuntu/Sign/Application/Common/Model/AttendModel.class.php 第 111 行.
NOTIC: [2048] Declaration of Common\Model\AttendModel::find() should be compatible with Think\Model::find($options = Array) /home/ubuntu/Sign/Application/Common/Model/AttendModel.class.php 第 111 行.
SQL: SHOW COLUMNS FROM `cms_attend` [ RunTime:0.0004s ]
SQL: SELECT COUNT(*) AS tp_count FROM `cms_attend` WHERE `model` = 0 AND `wordtime` >= 1492790400 AND `online` <> -1 LIMIT 1   [ RunTime:0.0001s ]
NOTIC: [8] Undefined index: p /home/ubuntu/Sign/Application/Admin/Controller/AttendController.class.php 第 23 行.
NOTIC: [8] Undefined index: pageSize /home/ubuntu/Sign/Application/Admin/Controller/AttendController.class.php 第 24 行.
SQL: SELECT * FROM `cms_attend` WHERE `model` = 0 AND `wordtime` >= 1492790400 AND `online` <> -1 ORDER BY attend_id desc LIMIT 0,2   [ RunTime:0.0001s ]
INFO: [ view_parse ] --START--
INFO: [ template_filter ] --START--
INFO: Run Behavior\ContentReplaceBehavior [ RunTime:0.000046s ]
INFO: [ template_filter ] --END-- [ RunTime:0.000081s ]
NOTIC: [8] Undefined variable: name /home/ubuntu/Sign/Application/Runtime/Cache/Admin/1b9588a69da7f88c6885a9a5a9d226ff.php 第 42 行.
INFO: Run Behavior\ParseTemplateBehavior [ RunTime:0.007460s ]
INFO: [ view_parse ] --END-- [ RunTime:0.007491s ]
INFO: [ view_filter ] --START--
INFO: Run Behavior\WriteHtmlCacheBehavior [ RunTime:0.000100s ]
INFO: [ view_filter ] --END-- [ RunTime:0.000124s ]
INFO: [ app_end ] --START--
INFO: Run Behavior\ShowPageTraceBehavior [ RunTime:0.000314s ]
INFO: [ app_end ] --END-- [ RunTime:0.000374s ]

[ 2017-04-22T01:00:57+08:00 ] 182.85.232.61 /Sign/admin.php?m=Admin&c=Attend&a=record
INFO: [ app_init ] --START--
INFO: Run Behavior\BuildLiteBehavior [ RunTime:0.000015s ]
INFO: [ app_init ] --END-- [ RunTime:0.000322s ]
INFO: [ app_begin ] --START--
INFO: Run Behavior\ReadHtmlCacheBehavior [ RunTime:0.000285s ]
INFO: [ app_begin ] --END-- [ RunTime:0.000319s ]
NOTIC: [8] Undefined index: depart_id /home/ubuntu/Sign/Application/Admin/Controller/AttendController.class.php 第 53 行.
NOTIC: [2048] Declaration of Common\Model\DepartModel::select() should be compatible with Think\Model::select($options = Array) /home/ubuntu/Sign/Application/Common/Model/DepartModel.class.php 第 9 行.
NOTIC: [2048] Declaration of Common\Model\DepartModel::find() should be compatible with Think\Model::find($options = Array) /home/ubuntu/Sign/Application/Common/Model/DepartModel.class.php 第 9 行.
SQL: SHOW COLUMNS FROM `cms_depart` [ RunTime:0.0005s ]
SQL: SELECT * FROM `cms_depart` WHERE `model` = 0 AND `online` <> -1  [ RunTime:0.0002s ]
NOTIC: [2048] Declaration of Common\Model\AttendModel::select() should be compatible with Think\Model::select($options = Array) /home/ubuntu/Sign/Application/Common/Model/AttendModel.class.php 第 111 行.
NOTIC: [2048] Declaration of Common\Model\AttendModel::find() should be compatible with Think\Model::find($options = Array) /home/ubuntu/Sign/Application/Common/Model/AttendModel.class.php 第 111 行.
SQL: SHOW COLUMNS FROM `cms_attend` [ RunTime:0.0004s ]
SQL: SELECT COUNT(*) AS tp_count FROM `cms_attend` WHERE `model` = 0 AND `online` <> -1 LIMIT 1   [ RunTime:0.0001s ]
NOTIC: [8] Undefined index: p /home/ubuntu/Sign/Application/Admin/Controller/AttendController.class.php 第 59 行.
NOTIC: [8] Undefined index: pageSize /home/ubuntu/Sign/Application/Admin/Controller/AttendController.class.php 第 60 行.
SQL: SELECT * FROM `cms_attend` WHERE `model` = 0 AND `online` <> -1 ORDER BY attend_id desc LIMIT 0,2   [ RunTime:0.0001s ]
INFO: [ view_parse ] --START--
INFO: [ template_filter ] --START--
INFO: Run Behavior\ContentReplaceBehavior [ RunTime:0.000135s ]
INFO: [ template_filter ] --END-- [ RunTime:0.000202s ]
NOTIC: [8] Undefined variable: name /home/ubuntu/Sign/Application/Runtime/Cache/Admin/5742b4c92484618a201a6f947d2e4751.php 第 42 行.
INFO: Run Behavior\ParseTemplateBehavior [ RunTime:0.009556s ]
INFO: [ view_parse ] --END-- [ RunTime:0.009596s ]
INFO: [ view_filter ] --START--
INFO: Run Behavior\WriteHtmlCacheBehavior [ RunTime:0.000105s ]
INFO: [ view_filter ] --END-- [ RunTime:0.000129s ]
INFO: [ app_end ] --START--
INFO: Run Behavior\ShowPageTraceBehavior [ RunTime:0.000293s ]
INFO: [ app_end ] --END-- [ RunTime:0.000320s ]

[ 2017-04-22T01:01:00+08:00 ] 182.85.232.61 /Sign/admin.php?m=Admin&c=Opendoor&a=index
INFO: [ app_init ] --START--
INFO: Run Behavior\BuildLiteBehavior [ RunTime:0.000018s ]
INFO: [ app_init ] --END-- [ RunTime:0.000352s ]
INFO: [ app_begin ] --START--
INFO: Run Behavior\ReadHtmlCacheBehavior [ RunTime:0.000293s ]
INFO: [ app_begin ] --END-- [ RunTime:0.000325s ]
NOTIC: [8] Undefined index: depart_id /home/ubuntu/Sign/Application/Admin/Controller/OpendoorController.class.php 第 15 行.
NOTIC: [2048] Declaration of Common\Model\DepartModel::select() should be compatible with Think\Model::select($options = Array) /home/ubuntu/Sign/Application/Common/Model/DepartModel.class.php 第 9 行.
NOTIC: [2048] Declaration of Common\Model\DepartModel::find() should be compatible with Think\Model::find($options = Array) /home/ubuntu/Sign/Application/Common/Model/DepartModel.class.php 第 9 行.
SQL: SHOW COLUMNS FROM `cms_depart` [ RunTime:0.0009s ]
SQL: SELECT * FROM `cms_depart` WHERE `model` = 1 AND `online` <> -1  [ RunTime:0.0003s ]
NOTIC: [2048] Declaration of Common\Model\AttendModel::select() should be compatible with Think\Model::select($options = Array) /home/ubuntu/Sign/Application/Common/Model/AttendModel.class.php 第 111 行.
NOTIC: [2048] Declaration of Common\Model\AttendModel::find() should be compatible with Think\Model::find($options = Array) /home/ubuntu/Sign/Application/Common/Model/AttendModel.class.php 第 111 行.
SQL: SHOW COLUMNS FROM `cms_attend` [ RunTime:0.0113s ]
SQL: SELECT COUNT(*) AS tp_count FROM `cms_attend` WHERE `model` = 1 AND `online` <> -1 LIMIT 1   [ RunTime:0.0002s ]
NOTIC: [8] Undefined index: p /home/ubuntu/Sign/Application/Admin/Controller/OpendoorController.class.php 第 21 行.
NOTIC: [8] Undefined index: pageSize /home/ubuntu/Sign/Application/Admin/Controller/OpendoorController.class.php 第 22 行.
SQL: SELECT * FROM `cms_attend` WHERE `model` = 1 AND `online` <> -1 ORDER BY attend_id desc LIMIT 0,2   [ RunTime:0.0001s ]
INFO: [ view_parse ] --START--
INFO: [ template_filter ] --START--
INFO: Run Behavior\ContentReplaceBehavior [ RunTime:0.000051s ]
INFO: [ template_filter ] --END-- [ RunTime:0.000089s ]
NOTIC: [8] Undefined variable: name /home/ubuntu/Sign/Application/Runtime/Cache/Admin/037124b2b695a56eb2e47f41f01eaa87.php 第 42 行.
NOTIC: [8] Undefined variable: Opendoors /home/ubuntu/Sign/Application/Runtime/Cache/Admin/037124b2b695a56eb2e47f41f01eaa87.php 第 66 行.
INFO: Run Behavior\ParseTemplateBehavior [ RunTime:0.006225s ]
INFO: [ view_parse ] --END-- [ RunTime:0.006255s ]
INFO: [ view_filter ] --START--
INFO: Run Behavior\WriteHtmlCacheBehavior [ RunTime:0.000108s ]
INFO: [ view_filter ] --END-- [ RunTime:0.000134s ]
INFO: [ app_end ] --START--
INFO: Run Behavior\ShowPageTraceBehavior [ RunTime:0.000401s ]
INFO: [ app_end ] --END-- [ RunTime:0.000427s ]

[ 2017-04-22T01:01:04+08:00 ] 182.85.232.61 /Sign/admin.php?m=Admin&c=Live&a=index
INFO: [ app_init ] --START--
INFO: Run Behavior\BuildLiteBehavior [ RunTime:0.000018s ]
INFO: [ app_init ] --END-- [ RunTime:0.000361s ]
INFO: [ app_begin ] --START--
INFO: Run Behavior\ReadHtmlCacheBehavior [ RunTime:0.000453s ]
INFO: [ app_begin ] --END-- [ RunTime:0.000505s ]
INFO: [ view_parse ] --START--
INFO: [ template_filter ] --START--
INFO: Run Behavior\ContentReplaceBehavior [ RunTime:0.000066s ]
INFO: [ template_filter ] --END-- [ RunTime:0.000128s ]
INFO: Run Behavior\ParseTemplateBehavior [ RunTime:0.006373s ]
INFO: [ view_parse ] --END-- [ RunTime:0.006430s ]
INFO: [ view_filter ] --START--
INFO: Run Behavior\WriteHtmlCacheBehavior [ RunTime:0.000144s ]
INFO: [ view_filter ] --END-- [ RunTime:0.000184s ]
INFO: [ app_end ] --START--
INFO: Run Behavior\ShowPageTraceBehavior [ RunTime:0.000473s ]
INFO: [ app_end ] --END-- [ RunTime:0.000520s ]

[ 2017-04-22T01:01:21+08:00 ] 182.85.232.61 /Sign/admin.php?m=Admin&c=Statis&a=index
INFO: [ app_init ] --START--
INFO: Run Behavior\BuildLiteBehavior [ RunTime:0.000011s ]
INFO: [ app_init ] --END-- [ RunTime:0.000218s ]
INFO: [ app_begin ] --START--
INFO: Run Behavior\ReadHtmlCacheBehavior [ RunTime:0.000377s ]
INFO: [ app_begin ] --END-- [ RunTime:0.000419s ]
INFO: [ view_parse ] --START--
INFO: [ template_filter ] --START--
INFO: Run Behavior\ContentReplaceBehavior [ RunTime:0.000045s ]
INFO: [ template_filter ] --END-- [ RunTime:0.000109s ]
INFO: Run Behavior\ParseTemplateBehavior [ RunTime:0.004353s ]
INFO: [ view_parse ] --END-- [ RunTime:0.004399s ]
INFO: [ view_filter ] --START--
INFO: Run Behavior\WriteHtmlCacheBehavior [ RunTime:0.000139s ]
INFO: [ view_filter ] --END-- [ RunTime:0.000176s ]
INFO: [ app_end ] --START--
INFO: Run Behavior\ShowPageTraceBehavior [ RunTime:0.000534s ]
INFO: [ app_end ] --END-- [ RunTime:0.000578s ]

[ 2017-04-22T01:01:23+08:00 ] 182.85.232.61 /Sign/admin.php?m=Admin&c=Statis&a=chart
INFO: [ app_init ] --START--
INFO: Run Behavior\BuildLiteBehavior [ RunTime:0.000014s ]
INFO: [ app_init ] --END-- [ RunTime:0.000305s ]
INFO: [ app_begin ] --START--
INFO: Run Behavior\ReadHtmlCacheBehavior [ RunTime:0.000377s ]
INFO: [ app_begin ] --END-- [ RunTime:0.000409s ]
INFO: [ view_parse ] --START--
INFO: [ template_filter ] --START--
INFO: Run Behavior\ContentReplaceBehavior [ RunTime:0.000040s ]
INFO: [ template_filter ] --END-- [ RunTime:0.000091s ]
INFO: Run Behavior\ParseTemplateBehavior [ RunTime:0.036424s ]
INFO: [ view_parse ] --END-- [ RunTime:0.036460s ]
INFO: [ view_filter ] --START--
INFO: Run Behavior\WriteHtmlCacheBehavior [ RunTime:0.000103s ]
INFO: [ view_filter ] --END-- [ RunTime:0.000126s ]
INFO: [ app_end ] --START--
INFO: Run Behavior\ShowPageTraceBehavior [ RunTime:0.000338s ]
INFO: [ app_end ] --END-- [ RunTime:0.000374s ]

[ 2017-04-22T01:01:25+08:00 ] 182.85.232.61 /Sign/admin.php?m=Admin&c=Statis&a=chartth
INFO: [ app_init ] --START--
INFO: Run Behavior\BuildLiteBehavior [ RunTime:0.000018s ]
INFO: [ app_init ] --END-- [ RunTime:0.000251s ]
INFO: [ app_begin ] --START--
INFO: Run Behavior\ReadHtmlCacheBehavior [ RunTime:0.000398s ]
INFO: [ app_begin ] --END-- [ RunTime:0.000437s ]
INFO: [ view_parse ] --START--
INFO: [ template_filter ] --START--
INFO: Run Behavior\ContentReplaceBehavior [ RunTime:0.000028s ]
INFO: [ template_filter ] --END-- [ RunTime:0.000064s ]
INFO: Run Behavior\ParseTemplateBehavior [ RunTime:0.005641s ]
INFO: [ view_parse ] --END-- [ RunTime:0.005681s ]
INFO: [ view_filter ] --START--
INFO: Run Behavior\WriteHtmlCacheBehavior [ RunTime:0.000104s ]
INFO: [ view_filter ] --END-- [ RunTime:0.000137s ]
INFO: [ app_end ] --START--
INFO: Run Behavior\ShowPageTraceBehavior [ RunTime:0.000337s ]
INFO: [ app_end ] --END-- [ RunTime:0.000366s ]

[ 2017-04-22T01:01:29+08:00 ] 182.85.232.61 /Sign/admin.php?m=Admin&c=Statis&a=index
INFO: [ app_init ] --START--
INFO: Run Behavior\BuildLiteBehavior [ RunTime:0.000016s ]
INFO: [ app_init ] --END-- [ RunTime:0.000320s ]
INFO: [ app_begin ] --START--
INFO: Run Behavior\ReadHtmlCacheBehavior [ RunTime:0.000299s ]
INFO: [ app_begin ] --END-- [ RunTime:0.000332s ]
INFO: [ view_parse ] --START--
INFO: [ template_filter ] --START--
INFO: Run Behavior\ContentReplaceBehavior [ RunTime:0.000037s ]
INFO: [ template_filter ] --END-- [ RunTime:0.000083s ]
INFO: Run Behavior\ParseTemplateBehavior [ RunTime:0.003486s ]
INFO: [ view_parse ] --END-- [ RunTime:0.003525s ]
INFO: [ view_filter ] --START--
INFO: Run Behavior\WriteHtmlCacheBehavior [ RunTime:0.000126s ]
INFO: [ view_filter ] --END-- [ RunTime:0.000159s ]
INFO: [ app_end ] --START--
INFO: Run Behavior\ShowPageTraceBehavior [ RunTime:0.000340s ]
INFO: [ app_end ] --END-- [ RunTime:0.000376s ]

[ 2017-04-22T01:01:31+08:00 ] 182.85.232.61 /Sign/admin.php?m=Admin&c=Statis&a=chart
INFO: [ app_init ] --START--
INFO: Run Behavior\BuildLiteBehavior [ RunTime:0.000011s ]
INFO: [ app_init ] --END-- [ RunTime:0.000224s ]
INFO: [ app_begin ] --START--
INFO: Run Behavior\ReadHtmlCacheBehavior [ RunTime:0.000341s ]
INFO: [ app_begin ] --END-- [ RunTime:0.000377s ]
INFO: [ view_parse ] --START--
INFO: [ template_filter ] --START--
INFO: Run Behavior\ContentReplaceBehavior [ RunTime:0.000031s ]
INFO: [ template_filter ] --END-- [ RunTime:0.000071s ]
INFO: Run Behavior\ParseTemplateBehavior [ RunTime:0.003272s ]
INFO: [ view_parse ] --END-- [ RunTime:0.003317s ]
INFO: [ view_filter ] --START--
INFO: Run Behavior\WriteHtmlCacheBehavior [ RunTime:0.000097s ]
INFO: [ view_filter ] --END-- [ RunTime:0.000120s ]
INFO: [ app_end ] --START--
INFO: Run Behavior\ShowPageTraceBehavior [ RunTime:0.000301s ]
INFO: [ app_end ] --END-- [ RunTime:0.000327s ]

[ 2017-04-22T01:01:33+08:00 ] 182.85.232.61 /Sign/admin.php?m=Admin&c=Statis&a=chartth
INFO: [ app_init ] --START--
INFO: Run Behavior\BuildLiteBehavior [ RunTime:0.000010s ]
INFO: [ app_init ] --END-- [ RunTime:0.000236s ]
INFO: [ app_begin ] --START--
INFO: Run Behavior\ReadHtmlCacheBehavior [ RunTime:0.000287s ]
INFO: [ app_begin ] --END-- [ RunTime:0.000321s ]
INFO: [ view_parse ] --START--
INFO: [ template_filter ] --START--
INFO: Run Behavior\ContentReplaceBehavior [ RunTime:0.000028s ]
INFO: [ template_filter ] --END-- [ RunTime:0.000071s ]
INFO: Run Behavior\ParseTemplateBehavior [ RunTime:0.003250s ]
INFO: [ view_parse ] --END-- [ RunTime:0.003283s ]
INFO: [ view_filter ] --START--
INFO: Run Behavior\WriteHtmlCacheBehavior [ RunTime:0.000654s ]
INFO: [ view_filter ] --END-- [ RunTime:0.000693s ]
INFO: [ app_end ] --START--
INFO: Run Behavior\ShowPageTraceBehavior [ RunTime:0.000370s ]
INFO: [ app_end ] --END-- [ RunTime:0.000400s ]

[ 2017-04-22T01:01:35+08:00 ] 182.85.232.61 /Sign/admin.php?m=Admin&c=Statis&a=index
INFO: [ app_init ] --START--
INFO: Run Behavior\BuildLiteBehavior [ RunTime:0.000013s ]
INFO: [ app_init ] --END-- [ RunTime:0.000228s ]
INFO: [ app_begin ] --START--
INFO: Run Behavior\ReadHtmlCacheBehavior [ RunTime:0.000289s ]
INFO: [ app_begin ] --END-- [ RunTime:0.000323s ]
INFO: [ view_parse ] --START--
INFO: [ template_filter ] --START--
INFO: Run Behavior\ContentReplaceBehavior [ RunTime:0.000035s ]
INFO: [ template_filter ] --END-- [ RunTime:0.000083s ]
INFO: Run Behavior\ParseTemplateBehavior [ RunTime:0.003056s ]
INFO: [ view_parse ] --END-- [ RunTime:0.003090s ]
INFO: [ view_filter ] --START--
INFO: Run Behavior\WriteHtmlCacheBehavior [ RunTime:0.000101s ]
INFO: [ view_filter ] --END-- [ RunTime:0.000125s ]
INFO: [ app_end ] --START--
INFO: Run Behavior\ShowPageTraceBehavior [ RunTime:0.000301s ]
INFO: [ app_end ] --END-- [ RunTime:0.000328s ]

[ 2017-04-22T01:06:32+08:00 ] 182.85.232.61 /Sign/admin.php?m=Admin&c=Statis&a=chartth
INFO: [ app_init ] --START--
INFO: Run Behavior\BuildLiteBehavior [ RunTime:0.000011s ]
INFO: [ app_init ] --END-- [ RunTime:0.000246s ]
INFO: [ app_begin ] --START--
INFO: Run Behavior\ReadHtmlCacheBehavior [ RunTime:0.000325s ]
INFO: [ app_begin ] --END-- [ RunTime:0.000360s ]
INFO: [ view_parse ] --START--
INFO: [ template_filter ] --START--
INFO: Run Behavior\ContentReplaceBehavior [ RunTime:0.000038s ]
INFO: [ template_filter ] --END-- [ RunTime:0.000088s ]
INFO: Run Behavior\ParseTemplateBehavior [ RunTime:0.003746s ]
INFO: [ view_parse ] --END-- [ RunTime:0.003794s ]
INFO: [ view_filter ] --START--
INFO: Run Behavior\WriteHtmlCacheBehavior [ RunTime:0.000171s ]
INFO: [ view_filter ] --END-- [ RunTime:0.000203s ]
INFO: [ app_end ] --START--
INFO: Run Behavior\ShowPageTraceBehavior [ RunTime:0.000322s ]
INFO: [ app_end ] --END-- [ RunTime:0.000355s ]

[ 2017-04-22T02:08:05+08:00 ] 157.55.39.205 /Sign/admin.php?c=menu
INFO: [ app_init ] --START--
INFO: Run Behavior\BuildLiteBehavior [ RunTime:0.000017s ]
INFO: [ app_init ] --END-- [ RunTime:0.000328s ]
INFO: [ app_begin ] --START--
INFO: Run Behavior\ReadHtmlCacheBehavior [ RunTime:0.000281s ]
INFO: [ app_begin ] --END-- [ RunTime:0.000313s ]
ERR: 无法加载控制器:Menu

[ 2017-04-22T02:16:43+08:00 ] 157.55.39.90 /Sign/admin.php?c=Attend
INFO: [ app_init ] --START--
INFO: Run Behavior\BuildLiteBehavior [ RunTime:0.000015s ]
INFO: [ app_init ] --END-- [ RunTime:0.000303s ]
INFO: [ app_begin ] --START--
INFO: Run Behavior\ReadHtmlCacheBehavior [ RunTime:0.000358s ]
INFO: [ app_begin ] --END-- [ RunTime:0.000401s ]
NOTIC: [8] Undefined variable: sing_path /home/ubuntu/Sign/ThinkPHP/Common/functions.php 第 991 行.
NOTIC: [8] Undefined variable: module /home/ubuntu/Sign/ThinkPHP/Common/functions.php 第 994 行.
NOTIC: [8] Undefined variable: var /home/ubuntu/Sign/ThinkPHP/Common/functions.php 第 997 行.
NOTIC: [2] array_reverse() expects parameter 1 to be array, null given /home/ubuntu/Sign/ThinkPHP/Common/functions.php 第 997 行.
NOTIC: [2] http_build_query(): Parameter 1 expected to be Array or Object.  Incorrect value given /home/ubuntu/Sign/ThinkPHP/Common/functions.php 第 997 行.

[ 2017-04-22T02:16:44+08:00 ] 157.55.39.90 /Sign/admin.php?&c=login
INFO: [ app_init ] --START--
INFO: Run Behavior\BuildLiteBehavior [ RunTime:0.000014s ]
INFO: [ app_init ] --END-- [ RunTime:0.000260s ]
INFO: [ app_begin ] --START--
INFO: Run Behavior\ReadHtmlCacheBehavior [ RunTime:0.000312s ]
INFO: [ app_begin ] --END-- [ RunTime:0.000351s ]
INFO: [ view_parse ] --START--
INFO: [ template_filter ] --START--
INFO: Run Behavior\ContentReplaceBehavior [ RunTime:0.000040s ]
INFO: [ template_filter ] --END-- [ RunTime:0.000074s ]
INFO: Run Behavior\ParseTemplateBehavior [ RunTime:0.004376s ]
INFO: [ view_parse ] --END-- [ RunTime:0.004416s ]
INFO: [ view_filter ] --START--
INFO: Run Behavior\WriteHtmlCacheBehavior [ RunTime:0.000091s ]
INFO: [ view_filter ] --END-- [ RunTime:0.000121s ]
INFO: [ app_end ] --START--
INFO: Run Behavior\ShowPageTraceBehavior [ RunTime:0.000278s ]
INFO: [ app_end ] --END-- [ RunTime:0.000305s ]

[ 2017-04-22T04:43:17+08:00 ] 157.55.39.206 /Sign/admin.php?c=Login&a=verify
INFO: [ app_init ] --START--
INFO: Run Behavior\BuildLiteBehavior [ RunTime:0.000011s ]
INFO: [ app_init ] --END-- [ RunTime:0.000211s ]
INFO: [ app_begin ] --START--
INFO: Run Behavior\ReadHtmlCacheBehavior [ RunTime:0.000259s ]
INFO: [ app_begin ] --END-- [ RunTime:0.000294s ]
INFO: [ app_end ] --START--
INFO: Run Behavior\ShowPageTraceBehavior [ RunTime:0.000499s ]
INFO: [ app_end ] --END-- [ RunTime:0.000568s ]

[ 2017-04-22T05:22:39+08:00 ] 112.90.82.218 /Sign/admin.php?c%3Dmenu
INFO: [ app_init ] --START--
INFO: Run Behavior\BuildLiteBehavior [ RunTime:0.000010s ]
INFO: [ app_init ] --END-- [ RunTime:0.000211s ]
INFO: [ app_begin ] --START--
INFO: Run Behavior\ReadHtmlCacheBehavior [ RunTime:0.000257s ]
INFO: [ app_begin ] --END-- [ RunTime:0.000290s ]
NOTIC: [8] Undefined variable: sing_path /home/ubuntu/Sign/ThinkPHP/Common/functions.php 第 991 行.
NOTIC: [8] Undefined variable: module /home/ubuntu/Sign/ThinkPHP/Common/functions.php 第 994 行.
NOTIC: [8] Undefined variable: var /home/ubuntu/Sign/ThinkPHP/Common/functions.php 第 997 行.
NOTIC: [2] array_reverse() expects parameter 1 to be array, null given /home/ubuntu/Sign/ThinkPHP/Common/functions.php 第 997 行.
NOTIC: [2] http_build_query(): Parameter 1 expected to be Array or Object.  Incorrect value given /home/ubuntu/Sign/ThinkPHP/Common/functions.php 第 997 行.

[ 2017-04-22T05:22:40+08:00 ] 112.90.82.218 /Sign/admin.php?&c=login
INFO: [ app_init ] --START--
INFO: Run Behavior\BuildLiteBehavior [ RunTime:0.000011s ]
INFO: [ app_init ] --END-- [ RunTime:0.000229s ]
INFO: [ app_begin ] --START--
INFO: Run Behavior\ReadHtmlCacheBehavior [ RunTime:0.000321s ]
INFO: [ app_begin ] --END-- [ RunTime:0.000359s ]
INFO: [ view_parse ] --START--
INFO: [ template_filter ] --START--
INFO: Run Behavior\ContentReplaceBehavior [ RunTime:0.000038s ]
INFO: [ template_filter ] --END-- [ RunTime:0.000072s ]
INFO: Run Behavior\ParseTemplateBehavior [ RunTime:0.003642s ]
INFO: [ view_parse ] --END-- [ RunTime:0.003675s ]
INFO: [ view_filter ] --START--
INFO: Run Behavior\WriteHtmlCacheBehavior [ RunTime:0.000105s ]
INFO: [ view_filter ] --END-- [ RunTime:0.000129s ]
INFO: [ app_end ] --START--
INFO: Run Behavior\ShowPageTraceBehavior [ RunTime:0.000282s ]
INFO: [ app_end ] --END-- [ RunTime:0.000309s ]

