2017-03-26 15:41:39	<?xml version="1.0" encoding="utf-8" ?><error_response><code>15</code><msg>Remote service error</msg><sub_code>isv.BUSINESS_LIMIT_CONTROL</sub_code><sub_msg>触发业务流控</sub_msg><request_id>3i3p7qv7zsuh</request_id></error_response><!--top011250204191.eu13-->
2017-03-26 15:41:39	<?xml version="1.0" encoding="utf-8" ?><error_response><code>15</code><msg>Remote service error</msg><sub_code>isv.BUSINESS_LIMIT_CONTROL</sub_code><sub_msg>触发业务流控</sub_msg><request_id>z246i2rworhh</request_id></error_response><!--top010178001063.n.et2-->
2017-03-26 15:41:39	<?xml version="1.0" encoding="utf-8" ?><error_response><code>15</code><msg>Remote service error</msg><sub_code>isv.BUSINESS_LIMIT_CONTROL</sub_code><sub_msg>触发业务流控</sub_msg><request_id>rxntvopxbdve</request_id></error_response><!--top011186096218.eu13-->
2017-03-26 15:41:39	<?xml version="1.0" encoding="utf-8" ?><error_response><code>15</code><msg>Remote service error</msg><sub_code>isv.BUSINESS_LIMIT_CONTROL</sub_code><sub_msg>触发业务流控</sub_msg><request_id>3jw4z1nvzqjl</request_id></error_response><!--top011250207167.eu13-->
2017-03-26 15:41:40	<?xml version="1.0" encoding="utf-8" ?><error_response><code>15</code><msg>Remote service error</msg><sub_code>isv.BUSINESS_LIMIT_CONTROL</sub_code><sub_msg>触发业务流控</sub_msg><request_id>3jvm9kg426i4</request_id></error_response><!--top011250207161.eu13-->
2017-03-26 15:41:40	<?xml version="1.0" encoding="utf-8" ?><error_response><code>15</code><msg>Remote service error</msg><sub_code>isv.BUSINESS_LIMIT_CONTROL</sub_code><sub_msg>触发业务流控</sub_msg><request_id>3i4e5ptlx9x6</request_id></error_response><!--top011250204199.eu13-->
2017-03-26 15:41:40	<?xml version="1.0" encoding="utf-8" ?><error_response><code>15</code><msg>Remote service error</msg><sub_code>isv.BUSINESS_LIMIT_CONTROL</sub_code><sub_msg>触发业务流控</sub_msg><request_id>qm541dbt0aq7</request_id></error_response><!--top010176019178.et2-->
2017-03-26 15:41:40	<?xml version="1.0" encoding="utf-8" ?><error_response><code>15</code><msg>Remote service error</msg><sub_code>isv.BUSINESS_LIMIT_CONTROL</sub_code><sub_msg>触发业务流控</sub_msg><request_id>uty7gmi9kw8</request_id></error_response><!--top011250050015.eu13-->
2017-03-26 15:41:40	<?xml version="1.0" encoding="utf-8" ?><error_response><code>15</code><msg>Remote service error</msg><sub_code>isv.BUSINESS_LIMIT_CONTROL</sub_code><sub_msg>触发业务流控</sub_msg><request_id>rx6f65zbtv64</request_id></error_response><!--top011186096017.eu13-->
2017-03-26 15:42:27	<?xml version="1.0" encoding="utf-8" ?><error_response><code>15</code><msg>Remote service error</msg><sub_code>isv.BUSINESS_LIMIT_CONTROL</sub_code><sub_msg>触发业务流控</sub_msg><request_id>fw8puzxw85t3</request_id></error_response><!--top011183161032.eu13-->
2017-03-26 16:02:10	<?xml version="1.0" encoding="utf-8" ?><error_response><code>15</code><msg>Remote service error</msg><sub_code>isv.BUSINESS_LIMIT_CONTROL</sub_code><sub_msg>触发业务流控</sub_msg><request_id>uadjsqawjga</request_id></error_response><!--top011250049045.eu13-->
2017-03-26 16:02:19	<?xml version="1.0" encoding="utf-8" ?><error_response><code>15</code><msg>Remote service error</msg><sub_code>isv.BUSINESS_LIMIT_CONTROL</sub_code><sub_msg>触发业务流控</sub_msg><request_id>ze1rk3byfjt2</request_id></error_response><!--top010178020159.n.et2-->
2017-03-26 16:02:19	<?xml version="1.0" encoding="utf-8" ?><error_response><code>15</code><msg>Remote service error</msg><sub_code>isv.BUSINESS_LIMIT_CONTROL</sub_code><sub_msg>触发业务流控</sub_msg><request_id>zq78cif07u9i</request_id></error_response><!--top010178040090.n.et2-->
2017-03-26 16:02:44	<?xml version="1.0" encoding="utf-8" ?><error_response><code>15</code><msg>Remote service error</msg><sub_code>isv.BUSINESS_LIMIT_CONTROL</sub_code><sub_msg>触发业务流控</sub_msg><request_id>iv1i3woh56ib</request_id></error_response><!--top010184078136.et2-->
2017-03-26 16:02:44	<?xml version="1.0" encoding="utf-8" ?><error_response><code>15</code><msg>Remote service error</msg><sub_code>isv.BUSINESS_LIMIT_CONTROL</sub_code><sub_msg>触发业务流控</sub_msg><request_id>qm541dx7px3u</request_id></error_response><!--top010176019178.et2-->
2017-03-26 16:06:36	<?xml version="1.0" encoding="utf-8" ?><error_response><code>15</code><msg>Remote service error</msg><sub_code>isv.BUSINESS_LIMIT_CONTROL</sub_code><sub_msg>触发业务流控</sub_msg><request_id>13u6rz9yueuni</request_id></error_response><!--top010179024162.et2-->
2017-03-26 16:06:50	<?xml version="1.0" encoding="utf-8" ?><error_response><code>15</code><msg>Remote service error</msg><sub_code>isv.BUSINESS_LIMIT_CONTROL</sub_code><sub_msg>触发业务流控</sub_msg><request_id>eonlvimh1p1r</request_id></error_response><!--top011183090091.eu13-->
2017-03-26 16:07:04	<?xml version="1.0" encoding="utf-8" ?><error_response><code>15</code><msg>Remote service error</msg><sub_code>isv.BUSINESS_LIMIT_CONTROL</sub_code><sub_msg>触发业务流控</sub_msg><request_id>eqfp5ty606ct</request_id></error_response><!--top011183093063.eu13-->
2017-03-26 16:07:09	<?xml version="1.0" encoding="utf-8" ?><error_response><code>15</code><msg>Remote service error</msg><sub_code>isv.BUSINESS_LIMIT_CONTROL</sub_code><sub_msg>触发业务流控</sub_msg><request_id>rywyc2dcwnpm</request_id></error_response><!--top011186098227.eu13-->
2017-03-26 16:07:14	<?xml version="1.0" encoding="utf-8" ?><error_response><code>15</code><msg>Remote service error</msg><sub_code>isv.BUSINESS_LIMIT_CONTROL</sub_code><sub_msg>触发业务流控</sub_msg><request_id>eq6s0gestd4w</request_id></error_response><!--top011183092216.eu13-->
2017-03-26 16:11:19	<?xml version="1.0" encoding="utf-8" ?><error_response><code>15</code><msg>Remote service error</msg><sub_code>isv.BUSINESS_LIMIT_CONTROL</sub_code><sub_msg>触发业务流控</sub_msg><request_id>11if0sncl6bbf</request_id></error_response><!--top010178144158.n.et2-->
2017-03-26 16:11:26	<?xml version="1.0" encoding="utf-8" ?><error_response><code>15</code><msg>Remote service error</msg><sub_code>isv.BUSINESS_LIMIT_CONTROL</sub_code><sub_msg>触发业务流控</sub_msg><request_id>sjq7rf8g3zo1</request_id></error_response><!--top010176132174.n.et2-->
2017-03-26 16:24:13	<?xml version="1.0" encoding="utf-8" ?><error_response><code>15</code><msg>Remote service error</msg><sub_code>isv.BUSINESS_LIMIT_CONTROL</sub_code><sub_msg>触发业务流控</sub_msg><request_id>2f9tfcrlnkyi</request_id></error_response><!--top011250141179.eu13-->
2017-03-26 16:32:03	<?xml version="1.0" encoding="utf-8" ?><error_response><code>15</code><msg>Remote service error</msg><sub_code>isv.BUSINESS_LIMIT_CONTROL</sub_code><sub_msg>触发业务流控</sub_msg><request_id>iv047zlir4iu</request_id></error_response><!--top010184078120.et2-->
